---------- Date: 2015-12-21 02:36:11 ~ IP : 127.0.0.1 ----------
REQUEST URI : /opencart/upload/admin/
MOD DETAILS:
   modFile   : E:\Xampp\htdocs\opencart\upload\vqmod/xml/irsfree_customers_orders_export_excel.xml
   id        : Export customer list and order list
   version   : 2.0
   vqmver    : 2.4.1
   author    : 
VQModObject::parseMods - Could not resolve path for [admin/language/english/default.php] (SKIPPED)
----------------------------------------------------------------------


---------- Date: 2015-12-21 03:51:05 ~ IP : 127.0.0.1 ----------
REQUEST URI : /opencart/upload/admin/index.php?route=sale/order&token=iKTfZ4u6Xb5DyKQU4JV3H65Fl9dhScQv
MOD DETAILS:
   modFile   : E:\Xampp\htdocs\opencart\upload\vqmod/xml/irsfree_customers_orders_export_excel.xml
   id        : Export customer list and order list
   version   : 2.0
   vqmver    : 2.4.1
   author    : 
VQModObject::parseMods - Could not resolve path for [admin/language/english/default.php] (SKIPPED)
----------------------------------------------------------------------


---------- Date: 2015-12-21 04:10:55 ~ IP : 127.0.0.1 ----------
REQUEST URI : /opencart/upload/admin/index.php?route=sale/order/export&token=iKTfZ4u6Xb5DyKQU4JV3H65Fl9dhScQv
MOD DETAILS:
   modFile   : E:\Xampp\htdocs\opencart\upload\vqmod/xml/irsfree_customers_orders_export_excel.xml
   id        : Export customer list and order list
   version   : 2.0
   vqmver    : 2.4.1
   author    : 
VQModObject::parseMods - Could not resolve path for [admin/language/english/default.php] (SKIPPED)
----------------------------------------------------------------------


---------- Date: 2015-12-21 04:20:58 ~ IP : 127.0.0.1 ----------
REQUEST URI : /opencart/upload/admin/index.php?route=sale/order/export&token=iKTfZ4u6Xb5DyKQU4JV3H65Fl9dhScQv
MOD DETAILS:
   modFile   : E:\Xampp\htdocs\opencart\upload\vqmod/xml/irsfree_customers_orders_export_excel.xml
   id        : Export customer list and order list
   version   : 2.0
   vqmver    : 2.4.1
   author    : 
VQModObject::parseMods - Could not resolve path for [admin/language/english/default.php] (SKIPPED)
----------------------------------------------------------------------


---------- Date: 2015-12-21 04:21:35 ~ IP : 127.0.0.1 ----------
REQUEST URI : /opencart/upload/admin/index.php?route=sale/order/export&token=iKTfZ4u6Xb5DyKQU4JV3H65Fl9dhScQv
MOD DETAILS:
   modFile   : E:\Xampp\htdocs\opencart\upload\vqmod/xml/irsfree_customers_orders_export_excel.xml
   id        : Export customer list and order list
   version   : 2.0
   vqmver    : 2.4.1
   author    : 
VQModObject::parseMods - Could not resolve path for [admin/language/english/default.php] (SKIPPED)
----------------------------------------------------------------------


---------- Date: 2015-12-21 04:22:09 ~ IP : 127.0.0.1 ----------
REQUEST URI : /opencart/upload/admin/index.php?route=sale/order/export&token=iKTfZ4u6Xb5DyKQU4JV3H65Fl9dhScQv
MOD DETAILS:
   modFile   : E:\Xampp\htdocs\opencart\upload\vqmod/xml/irsfree_customers_orders_export_excel.xml
   id        : Export customer list and order list
   version   : 2.0
   vqmver    : 2.4.1
   author    : 
VQModObject::parseMods - Could not resolve path for [admin/language/english/default.php] (SKIPPED)
----------------------------------------------------------------------


---------- Date: 2015-12-21 04:52:44 ~ IP : 127.0.0.1 ----------
REQUEST URI : /opencart/upload/admin/index.php?route=sale/order/export&token=iKTfZ4u6Xb5DyKQU4JV3H65Fl9dhScQv
MOD DETAILS:
   modFile   : E:\Xampp\htdocs\opencart\upload\vqmod/xml/irsfree_customers_orders_export_excel.xml
   id        : Export customer list and order list
   version   : 2.0
   vqmver    : 2.4.1
   author    : 
VQModObject::parseMods - Could not resolve path for [admin/language/english/default.php] (SKIPPED)
----------------------------------------------------------------------


---------- Date: 2015-12-21 04:56:32 ~ IP : 127.0.0.1 ----------
REQUEST URI : /opencart/upload/admin/index.php?route=sale/order/export&token=iKTfZ4u6Xb5DyKQU4JV3H65Fl9dhScQv
MOD DETAILS:
   modFile   : E:\Xampp\htdocs\opencart\upload\vqmod/xml/irsfree_customers_orders_export_excel.xml
   id        : Export customer list and order list
   version   : 2.0
   vqmver    : 2.4.1
   author    : 
VQModObject::parseMods - Could not resolve path for [admin/language/english/default.php] (SKIPPED)
----------------------------------------------------------------------


---------- Date: 2015-12-21 05:02:13 ~ IP : 127.0.0.1 ----------
REQUEST URI : /opencart/upload/admin/index.php?route=sale/order/export&token=iKTfZ4u6Xb5DyKQU4JV3H65Fl9dhScQv
MOD DETAILS:
   modFile   : E:\Xampp\htdocs\opencart\upload\vqmod/xml/irsfree_customers_orders_export_excel.xml
   id        : Export customer list and order list
   version   : 2.0
   vqmver    : 2.4.1
   author    : 
VQModObject::parseMods - Could not resolve path for [admin/language/english/default.php] (SKIPPED)
----------------------------------------------------------------------


---------- Date: 2015-12-21 05:12:13 ~ IP : 127.0.0.1 ----------
REQUEST URI : /opencart/upload/admin/index.php?route=sale/order/export&token=iKTfZ4u6Xb5DyKQU4JV3H65Fl9dhScQv
MOD DETAILS:
   modFile   : E:\Xampp\htdocs\opencart\upload\vqmod/xml/irsfree_customers_orders_export_excel.xml
   id        : Export customer list and order list
   version   : 2.0
   vqmver    : 2.4.1
   author    : 
VQModObject::parseMods - Could not resolve path for [admin/language/english/default.php] (SKIPPED)
----------------------------------------------------------------------


---------- Date: 2015-12-21 05:59:18 ~ IP : 127.0.0.1 ----------
REQUEST URI : /opencart/upload/admin/index.php?route=sale/order&token=iKTfZ4u6Xb5DyKQU4JV3H65Fl9dhScQv
MOD DETAILS:
   modFile   : E:\Xampp\htdocs\opencart\upload\vqmod/xml/irsfree_customers_orders_export_excel.xml
   id        : Export customer list and order list
   version   : 2.0
   vqmver    : 2.4.1
   author    : 
VQModObject::parseMods - Could not resolve path for [admin/language/english/default.php] (SKIPPED)
----------------------------------------------------------------------


---------- Date: 2015-12-21 06:08:33 ~ IP : 127.0.0.1 ----------
REQUEST URI : /opencart/upload/admin/index.php?route=sale/order/export&token=iKTfZ4u6Xb5DyKQU4JV3H65Fl9dhScQv
MOD DETAILS:
   modFile   : E:\Xampp\htdocs\opencart\upload\vqmod/xml/irsfree_customers_orders_export_excel.xml
   id        : Export customer list and order list
   version   : 2.0
   vqmver    : 2.4.1
   author    : 
VQModObject::parseMods - Could not resolve path for [admin/language/english/default.php] (SKIPPED)
----------------------------------------------------------------------


---------- Date: 2015-12-21 06:39:25 ~ IP : 127.0.0.1 ----------
REQUEST URI : /opencart/upload/admin/index.php?route=sale/order&token=iKTfZ4u6Xb5DyKQU4JV3H65Fl9dhScQv
MOD DETAILS:
   modFile   : E:\Xampp\htdocs\opencart\upload\vqmod/xml/irsfree_customers_orders_export_excel.xml
   id        : Export customer list and order list
   version   : 2.0
   vqmver    : 2.4.1
   author    : 
VQModObject::parseMods - Could not resolve path for [admin/language/english/default.php] (SKIPPED)
----------------------------------------------------------------------


---------- Date: 2015-12-21 06:40:31 ~ IP : 127.0.0.1 ----------
REQUEST URI : /opencart/upload/admin/index.php?route=sale/order/export&token=iKTfZ4u6Xb5DyKQU4JV3H65Fl9dhScQv
MOD DETAILS:
   modFile   : E:\Xampp\htdocs\opencart\upload\vqmod/xml/irsfree_customers_orders_export_excel.xml
   id        : Export customer list and order list
   version   : 2.0
   vqmver    : 2.4.1
   author    : 
VQModObject::parseMods - Could not resolve path for [admin/language/english/default.php] (SKIPPED)
----------------------------------------------------------------------


---------- Date: 2015-12-21 06:41:10 ~ IP : 127.0.0.1 ----------
REQUEST URI : /opencart/upload/admin/index.php?route=sale/order/export&token=iKTfZ4u6Xb5DyKQU4JV3H65Fl9dhScQv
MOD DETAILS:
   modFile   : E:\Xampp\htdocs\opencart\upload\vqmod/xml/irsfree_customers_orders_export_excel.xml
   id        : Export customer list and order list
   version   : 2.0
   vqmver    : 2.4.1
   author    : 
VQModObject::parseMods - Could not resolve path for [admin/language/english/default.php] (SKIPPED)
----------------------------------------------------------------------


---------- Date: 2015-12-21 06:44:07 ~ IP : 127.0.0.1 ----------
REQUEST URI : /opencart/upload/admin/index.php?route=sale/order/export&token=iKTfZ4u6Xb5DyKQU4JV3H65Fl9dhScQv
MOD DETAILS:
   modFile   : E:\Xampp\htdocs\opencart\upload\vqmod/xml/irsfree_customers_orders_export_excel.xml
   id        : Export customer list and order list
   version   : 2.0
   vqmver    : 2.4.1
   author    : 
VQModObject::parseMods - Could not resolve path for [admin/language/english/default.php] (SKIPPED)
----------------------------------------------------------------------


---------- Date: 2015-12-21 06:44:18 ~ IP : 127.0.0.1 ----------
REQUEST URI : /opencart/upload/admin/index.php?route=sale/order/export&token=iKTfZ4u6Xb5DyKQU4JV3H65Fl9dhScQv
MOD DETAILS:
   modFile   : E:\Xampp\htdocs\opencart\upload\vqmod/xml/irsfree_customers_orders_export_excel.xml
   id        : Export customer list and order list
   version   : 2.0
   vqmver    : 2.4.1
   author    : 
VQModObject::parseMods - Could not resolve path for [admin/language/english/default.php] (SKIPPED)
----------------------------------------------------------------------


---------- Date: 2015-12-21 06:44:57 ~ IP : 127.0.0.1 ----------
REQUEST URI : /opencart/upload/admin/index.php?route=sale/order/export&token=iKTfZ4u6Xb5DyKQU4JV3H65Fl9dhScQv
MOD DETAILS:
   modFile   : E:\Xampp\htdocs\opencart\upload\vqmod/xml/irsfree_customers_orders_export_excel.xml
   id        : Export customer list and order list
   version   : 2.0
   vqmver    : 2.4.1
   author    : 
VQModObject::parseMods - Could not resolve path for [admin/language/english/default.php] (SKIPPED)
----------------------------------------------------------------------


---------- Date: 2015-12-21 06:45:37 ~ IP : 127.0.0.1 ----------
REQUEST URI : /opencart/upload/admin/index.php?route=sale/order/export&token=iKTfZ4u6Xb5DyKQU4JV3H65Fl9dhScQv
MOD DETAILS:
   modFile   : E:\Xampp\htdocs\opencart\upload\vqmod/xml/irsfree_customers_orders_export_excel.xml
   id        : Export customer list and order list
   version   : 2.0
   vqmver    : 2.4.1
   author    : 
VQModObject::parseMods - Could not resolve path for [admin/language/english/default.php] (SKIPPED)
----------------------------------------------------------------------


---------- Date: 2015-12-21 06:46:46 ~ IP : 127.0.0.1 ----------
REQUEST URI : /opencart/upload/admin/index.php?route=sale/order/export&token=iKTfZ4u6Xb5DyKQU4JV3H65Fl9dhScQv
MOD DETAILS:
   modFile   : E:\Xampp\htdocs\opencart\upload\vqmod/xml/irsfree_customers_orders_export_excel.xml
   id        : Export customer list and order list
   version   : 2.0
   vqmver    : 2.4.1
   author    : 
VQModObject::parseMods - Could not resolve path for [admin/language/english/default.php] (SKIPPED)
----------------------------------------------------------------------


---------- Date: 2015-12-21 06:50:13 ~ IP : 127.0.0.1 ----------
REQUEST URI : /opencart/upload/admin/index.php?route=sale/order/export&token=iKTfZ4u6Xb5DyKQU4JV3H65Fl9dhScQv
MOD DETAILS:
   modFile   : E:\Xampp\htdocs\opencart\upload\vqmod/xml/irsfree_customers_orders_export_excel.xml
   id        : Export customer list and order list
   version   : 2.0
   vqmver    : 2.4.1
   author    : 
VQModObject::parseMods - Could not resolve path for [admin/language/english/default.php] (SKIPPED)
----------------------------------------------------------------------


---------- Date: 2015-12-21 06:51:20 ~ IP : 127.0.0.1 ----------
REQUEST URI : /opencart/upload/admin/index.php?route=sale/order/export&token=iKTfZ4u6Xb5DyKQU4JV3H65Fl9dhScQv
MOD DETAILS:
   modFile   : E:\Xampp\htdocs\opencart\upload\vqmod/xml/irsfree_customers_orders_export_excel.xml
   id        : Export customer list and order list
   version   : 2.0
   vqmver    : 2.4.1
   author    : 
VQModObject::parseMods - Could not resolve path for [admin/language/english/default.php] (SKIPPED)
----------------------------------------------------------------------


---------- Date: 2015-12-21 06:52:53 ~ IP : 127.0.0.1 ----------
REQUEST URI : /opencart/upload/admin/index.php?route=sale/order/export&token=iKTfZ4u6Xb5DyKQU4JV3H65Fl9dhScQv
MOD DETAILS:
   modFile   : E:\Xampp\htdocs\opencart\upload\vqmod/xml/irsfree_customers_orders_export_excel.xml
   id        : Export customer list and order list
   version   : 2.0
   vqmver    : 2.4.1
   author    : 
VQModObject::parseMods - Could not resolve path for [admin/language/english/default.php] (SKIPPED)
----------------------------------------------------------------------


---------- Date: 2015-12-21 06:53:59 ~ IP : 127.0.0.1 ----------
REQUEST URI : /opencart/upload/admin/index.php?route=sale/order/export&token=iKTfZ4u6Xb5DyKQU4JV3H65Fl9dhScQv
MOD DETAILS:
   modFile   : E:\Xampp\htdocs\opencart\upload\vqmod/xml/irsfree_customers_orders_export_excel.xml
   id        : Export customer list and order list
   version   : 2.0
   vqmver    : 2.4.1
   author    : 
VQModObject::parseMods - Could not resolve path for [admin/language/english/default.php] (SKIPPED)
----------------------------------------------------------------------


---------- Date: 2015-12-21 06:54:24 ~ IP : 127.0.0.1 ----------
REQUEST URI : /opencart/upload/admin/index.php?route=sale/order/export&token=iKTfZ4u6Xb5DyKQU4JV3H65Fl9dhScQv
MOD DETAILS:
   modFile   : E:\Xampp\htdocs\opencart\upload\vqmod/xml/irsfree_customers_orders_export_excel.xml
   id        : Export customer list and order list
   version   : 2.0
   vqmver    : 2.4.1
   author    : 
VQModObject::parseMods - Could not resolve path for [admin/language/english/default.php] (SKIPPED)
----------------------------------------------------------------------


---------- Date: 2015-12-21 06:55:37 ~ IP : 127.0.0.1 ----------
REQUEST URI : /opencart/upload/admin/index.php?route=sale/order/export&token=iKTfZ4u6Xb5DyKQU4JV3H65Fl9dhScQv
MOD DETAILS:
   modFile   : E:\Xampp\htdocs\opencart\upload\vqmod/xml/irsfree_customers_orders_export_excel.xml
   id        : Export customer list and order list
   version   : 2.0
   vqmver    : 2.4.1
   author    : 
VQModObject::parseMods - Could not resolve path for [admin/language/english/default.php] (SKIPPED)
----------------------------------------------------------------------


---------- Date: 2015-12-21 06:56:27 ~ IP : 127.0.0.1 ----------
REQUEST URI : /opencart/upload/admin/index.php?route=sale/order/export&token=iKTfZ4u6Xb5DyKQU4JV3H65Fl9dhScQv
MOD DETAILS:
   modFile   : E:\Xampp\htdocs\opencart\upload\vqmod/xml/irsfree_customers_orders_export_excel.xml
   id        : Export customer list and order list
   version   : 2.0
   vqmver    : 2.4.1
   author    : 
VQModObject::parseMods - Could not resolve path for [admin/language/english/default.php] (SKIPPED)
----------------------------------------------------------------------


---------- Date: 2015-12-21 06:57:51 ~ IP : 127.0.0.1 ----------
REQUEST URI : /opencart/upload/admin/index.php?route=sale/order/export&token=iKTfZ4u6Xb5DyKQU4JV3H65Fl9dhScQv
MOD DETAILS:
   modFile   : E:\Xampp\htdocs\opencart\upload\vqmod/xml/irsfree_customers_orders_export_excel.xml
   id        : Export customer list and order list
   version   : 2.0
   vqmver    : 2.4.1
   author    : 
VQModObject::parseMods - Could not resolve path for [admin/language/english/default.php] (SKIPPED)
----------------------------------------------------------------------


---------- Date: 2015-12-21 06:58:09 ~ IP : 127.0.0.1 ----------
REQUEST URI : /opencart/upload/admin/index.php?route=sale/order/export&token=iKTfZ4u6Xb5DyKQU4JV3H65Fl9dhScQv
MOD DETAILS:
   modFile   : E:\Xampp\htdocs\opencart\upload\vqmod/xml/irsfree_customers_orders_export_excel.xml
   id        : Export customer list and order list
   version   : 2.0
   vqmver    : 2.4.1
   author    : 
VQModObject::parseMods - Could not resolve path for [admin/language/english/default.php] (SKIPPED)
----------------------------------------------------------------------


---------- Date: 2015-12-21 06:59:52 ~ IP : 127.0.0.1 ----------
REQUEST URI : /opencart/upload/admin/index.php?route=sale/order/export&token=iKTfZ4u6Xb5DyKQU4JV3H65Fl9dhScQv
MOD DETAILS:
   modFile   : E:\Xampp\htdocs\opencart\upload\vqmod/xml/irsfree_customers_orders_export_excel.xml
   id        : Export customer list and order list
   version   : 2.0
   vqmver    : 2.4.1
   author    : 
VQModObject::parseMods - Could not resolve path for [admin/language/english/default.php] (SKIPPED)
----------------------------------------------------------------------


---------- Date: 2015-12-21 07:01:50 ~ IP : 127.0.0.1 ----------
REQUEST URI : /opencart/upload/admin/index.php?route=sale/order/export&token=iKTfZ4u6Xb5DyKQU4JV3H65Fl9dhScQv
MOD DETAILS:
   modFile   : E:\Xampp\htdocs\opencart\upload\vqmod/xml/irsfree_customers_orders_export_excel.xml
   id        : Export customer list and order list
   version   : 2.0
   vqmver    : 2.4.1
   author    : 
VQModObject::parseMods - Could not resolve path for [admin/language/english/default.php] (SKIPPED)
----------------------------------------------------------------------


---------- Date: 2015-12-21 07:03:39 ~ IP : 127.0.0.1 ----------
REQUEST URI : /opencart/upload/admin/index.php?route=sale/order/export&token=iKTfZ4u6Xb5DyKQU4JV3H65Fl9dhScQv
MOD DETAILS:
   modFile   : E:\Xampp\htdocs\opencart\upload\vqmod/xml/irsfree_customers_orders_export_excel.xml
   id        : Export customer list and order list
   version   : 2.0
   vqmver    : 2.4.1
   author    : 
VQModObject::parseMods - Could not resolve path for [admin/language/english/default.php] (SKIPPED)
----------------------------------------------------------------------


---------- Date: 2015-12-21 07:04:07 ~ IP : 127.0.0.1 ----------
REQUEST URI : /opencart/upload/admin/index.php?route=sale/order/export&token=iKTfZ4u6Xb5DyKQU4JV3H65Fl9dhScQv
MOD DETAILS:
   modFile   : E:\Xampp\htdocs\opencart\upload\vqmod/xml/irsfree_customers_orders_export_excel.xml
   id        : Export customer list and order list
   version   : 2.0
   vqmver    : 2.4.1
   author    : 
VQModObject::parseMods - Could not resolve path for [admin/language/english/default.php] (SKIPPED)
----------------------------------------------------------------------


---------- Date: 2015-12-21 07:05:26 ~ IP : 127.0.0.1 ----------
REQUEST URI : /opencart/upload/admin/index.php?route=sale/order/export&token=iKTfZ4u6Xb5DyKQU4JV3H65Fl9dhScQv
MOD DETAILS:
   modFile   : E:\Xampp\htdocs\opencart\upload\vqmod/xml/irsfree_customers_orders_export_excel.xml
   id        : Export customer list and order list
   version   : 2.0
   vqmver    : 2.4.1
   author    : 
VQModObject::parseMods - Could not resolve path for [admin/language/english/default.php] (SKIPPED)
----------------------------------------------------------------------


---------- Date: 2015-12-21 07:06:00 ~ IP : 127.0.0.1 ----------
REQUEST URI : /opencart/upload/admin/index.php?route=sale/order/export&token=iKTfZ4u6Xb5DyKQU4JV3H65Fl9dhScQv
MOD DETAILS:
   modFile   : E:\Xampp\htdocs\opencart\upload\vqmod/xml/irsfree_customers_orders_export_excel.xml
   id        : Export customer list and order list
   version   : 2.0
   vqmver    : 2.4.1
   author    : 
VQModObject::parseMods - Could not resolve path for [admin/language/english/default.php] (SKIPPED)
----------------------------------------------------------------------


---------- Date: 2015-12-21 07:07:39 ~ IP : 127.0.0.1 ----------
REQUEST URI : /opencart/upload/admin/index.php?route=sale/order/export&token=iKTfZ4u6Xb5DyKQU4JV3H65Fl9dhScQv
MOD DETAILS:
   modFile   : E:\Xampp\htdocs\opencart\upload\vqmod/xml/irsfree_customers_orders_export_excel.xml
   id        : Export customer list and order list
   version   : 2.0
   vqmver    : 2.4.1
   author    : 
VQModObject::parseMods - Could not resolve path for [admin/language/english/default.php] (SKIPPED)
----------------------------------------------------------------------


---------- Date: 2015-12-21 07:09:21 ~ IP : 127.0.0.1 ----------
REQUEST URI : /opencart/upload/admin/index.php?route=sale/order/export&token=iKTfZ4u6Xb5DyKQU4JV3H65Fl9dhScQv
MOD DETAILS:
   modFile   : E:\Xampp\htdocs\opencart\upload\vqmod/xml/irsfree_customers_orders_export_excel.xml
   id        : Export customer list and order list
   version   : 2.0
   vqmver    : 2.4.1
   author    : 
VQModObject::parseMods - Could not resolve path for [admin/language/english/default.php] (SKIPPED)
----------------------------------------------------------------------


---------- Date: 2015-12-21 07:11:30 ~ IP : 127.0.0.1 ----------
REQUEST URI : /opencart/upload/admin/index.php?route=sale/order/export&token=iKTfZ4u6Xb5DyKQU4JV3H65Fl9dhScQv
MOD DETAILS:
   modFile   : E:\Xampp\htdocs\opencart\upload\vqmod/xml/irsfree_customers_orders_export_excel.xml
   id        : Export customer list and order list
   version   : 2.0
   vqmver    : 2.4.1
   author    : 
VQModObject::parseMods - Could not resolve path for [admin/language/english/default.php] (SKIPPED)
----------------------------------------------------------------------


---------- Date: 2015-12-21 07:12:18 ~ IP : 127.0.0.1 ----------
REQUEST URI : /opencart/upload/admin/index.php?route=sale/order/export&token=iKTfZ4u6Xb5DyKQU4JV3H65Fl9dhScQv
MOD DETAILS:
   modFile   : E:\Xampp\htdocs\opencart\upload\vqmod/xml/irsfree_customers_orders_export_excel.xml
   id        : Export customer list and order list
   version   : 2.0
   vqmver    : 2.4.1
   author    : 
VQModObject::parseMods - Could not resolve path for [admin/language/english/default.php] (SKIPPED)
----------------------------------------------------------------------


---------- Date: 2015-12-21 07:13:08 ~ IP : 127.0.0.1 ----------
REQUEST URI : /opencart/upload/admin/index.php?route=sale/order/export&token=iKTfZ4u6Xb5DyKQU4JV3H65Fl9dhScQv
MOD DETAILS:
   modFile   : E:\Xampp\htdocs\opencart\upload\vqmod/xml/irsfree_customers_orders_export_excel.xml
   id        : Export customer list and order list
   version   : 2.0
   vqmver    : 2.4.1
   author    : 
VQModObject::parseMods - Could not resolve path for [admin/language/english/default.php] (SKIPPED)
----------------------------------------------------------------------


---------- Date: 2015-12-21 07:14:32 ~ IP : 127.0.0.1 ----------
REQUEST URI : /opencart/upload/admin/index.php?route=sale/order/export&token=iKTfZ4u6Xb5DyKQU4JV3H65Fl9dhScQv
MOD DETAILS:
   modFile   : E:\Xampp\htdocs\opencart\upload\vqmod/xml/irsfree_customers_orders_export_excel.xml
   id        : Export customer list and order list
   version   : 2.0
   vqmver    : 2.4.1
   author    : 
VQModObject::parseMods - Could not resolve path for [admin/language/english/default.php] (SKIPPED)
----------------------------------------------------------------------


---------- Date: 2015-12-21 07:15:53 ~ IP : 127.0.0.1 ----------
REQUEST URI : /opencart/upload/admin/index.php?route=sale/order/export&token=iKTfZ4u6Xb5DyKQU4JV3H65Fl9dhScQv
MOD DETAILS:
   modFile   : E:\Xampp\htdocs\opencart\upload\vqmod/xml/irsfree_customers_orders_export_excel.xml
   id        : Export customer list and order list
   version   : 2.0
   vqmver    : 2.4.1
   author    : 
VQModObject::parseMods - Could not resolve path for [admin/language/english/default.php] (SKIPPED)
----------------------------------------------------------------------


---------- Date: 2015-12-21 07:16:46 ~ IP : 127.0.0.1 ----------
REQUEST URI : /opencart/upload/admin/index.php?route=sale/order/export&token=iKTfZ4u6Xb5DyKQU4JV3H65Fl9dhScQv
MOD DETAILS:
   modFile   : E:\Xampp\htdocs\opencart\upload\vqmod/xml/irsfree_customers_orders_export_excel.xml
   id        : Export customer list and order list
   version   : 2.0
   vqmver    : 2.4.1
   author    : 
VQModObject::parseMods - Could not resolve path for [admin/language/english/default.php] (SKIPPED)
----------------------------------------------------------------------


---------- Date: 2015-12-21 07:17:49 ~ IP : 127.0.0.1 ----------
REQUEST URI : /opencart/upload/admin/index.php?route=sale/order/export&token=iKTfZ4u6Xb5DyKQU4JV3H65Fl9dhScQv
MOD DETAILS:
   modFile   : E:\Xampp\htdocs\opencart\upload\vqmod/xml/irsfree_customers_orders_export_excel.xml
   id        : Export customer list and order list
   version   : 2.0
   vqmver    : 2.4.1
   author    : 
VQModObject::parseMods - Could not resolve path for [admin/language/english/default.php] (SKIPPED)
----------------------------------------------------------------------


---------- Date: 2015-12-21 07:18:20 ~ IP : 127.0.0.1 ----------
REQUEST URI : /opencart/upload/admin/index.php?route=sale/order/export&token=iKTfZ4u6Xb5DyKQU4JV3H65Fl9dhScQv
MOD DETAILS:
   modFile   : E:\Xampp\htdocs\opencart\upload\vqmod/xml/irsfree_customers_orders_export_excel.xml
   id        : Export customer list and order list
   version   : 2.0
   vqmver    : 2.4.1
   author    : 
VQModObject::parseMods - Could not resolve path for [admin/language/english/default.php] (SKIPPED)
----------------------------------------------------------------------


---------- Date: 2015-12-21 07:19:48 ~ IP : 127.0.0.1 ----------
REQUEST URI : /opencart/upload/admin/index.php?route=sale/order/export&token=iKTfZ4u6Xb5DyKQU4JV3H65Fl9dhScQv
MOD DETAILS:
   modFile   : E:\Xampp\htdocs\opencart\upload\vqmod/xml/irsfree_customers_orders_export_excel.xml
   id        : Export customer list and order list
   version   : 2.0
   vqmver    : 2.4.1
   author    : 
VQModObject::parseMods - Could not resolve path for [admin/language/english/default.php] (SKIPPED)
----------------------------------------------------------------------


---------- Date: 2015-12-21 07:19:59 ~ IP : 127.0.0.1 ----------
REQUEST URI : /opencart/upload/admin/index.php?route=sale/order/export&token=iKTfZ4u6Xb5DyKQU4JV3H65Fl9dhScQv
MOD DETAILS:
   modFile   : E:\Xampp\htdocs\opencart\upload\vqmod/xml/irsfree_customers_orders_export_excel.xml
   id        : Export customer list and order list
   version   : 2.0
   vqmver    : 2.4.1
   author    : 
VQModObject::parseMods - Could not resolve path for [admin/language/english/default.php] (SKIPPED)
----------------------------------------------------------------------


---------- Date: 2015-12-21 07:22:50 ~ IP : 127.0.0.1 ----------
REQUEST URI : /opencart/upload/admin/index.php?route=sale/order/export&token=iKTfZ4u6Xb5DyKQU4JV3H65Fl9dhScQv
MOD DETAILS:
   modFile   : E:\Xampp\htdocs\opencart\upload\vqmod/xml/irsfree_customers_orders_export_excel.xml
   id        : Export customer list and order list
   version   : 2.0
   vqmver    : 2.4.1
   author    : 
VQModObject::parseMods - Could not resolve path for [admin/language/english/default.php] (SKIPPED)
----------------------------------------------------------------------


---------- Date: 2015-12-21 07:23:31 ~ IP : 127.0.0.1 ----------
REQUEST URI : /opencart/upload/admin/index.php?route=sale/order/export&token=iKTfZ4u6Xb5DyKQU4JV3H65Fl9dhScQv
MOD DETAILS:
   modFile   : E:\Xampp\htdocs\opencart\upload\vqmod/xml/irsfree_customers_orders_export_excel.xml
   id        : Export customer list and order list
   version   : 2.0
   vqmver    : 2.4.1
   author    : 
VQModObject::parseMods - Could not resolve path for [admin/language/english/default.php] (SKIPPED)
----------------------------------------------------------------------


---------- Date: 2015-12-21 07:24:07 ~ IP : 127.0.0.1 ----------
REQUEST URI : /opencart/upload/admin/index.php?route=sale/order/export&token=iKTfZ4u6Xb5DyKQU4JV3H65Fl9dhScQv
MOD DETAILS:
   modFile   : E:\Xampp\htdocs\opencart\upload\vqmod/xml/irsfree_customers_orders_export_excel.xml
   id        : Export customer list and order list
   version   : 2.0
   vqmver    : 2.4.1
   author    : 
VQModObject::parseMods - Could not resolve path for [admin/language/english/default.php] (SKIPPED)
----------------------------------------------------------------------


---------- Date: 2015-12-21 07:26:46 ~ IP : 127.0.0.1 ----------
REQUEST URI : /opencart/upload/admin/index.php?route=sale/order/export&token=iKTfZ4u6Xb5DyKQU4JV3H65Fl9dhScQv
MOD DETAILS:
   modFile   : E:\Xampp\htdocs\opencart\upload\vqmod/xml/irsfree_customers_orders_export_excel.xml
   id        : Export customer list and order list
   version   : 2.0
   vqmver    : 2.4.1
   author    : 
VQModObject::parseMods - Could not resolve path for [admin/language/english/default.php] (SKIPPED)
----------------------------------------------------------------------


---------- Date: 2015-12-21 07:27:14 ~ IP : 127.0.0.1 ----------
REQUEST URI : /opencart/upload/admin/index.php?route=sale/order/export&token=iKTfZ4u6Xb5DyKQU4JV3H65Fl9dhScQv
MOD DETAILS:
   modFile   : E:\Xampp\htdocs\opencart\upload\vqmod/xml/irsfree_customers_orders_export_excel.xml
   id        : Export customer list and order list
   version   : 2.0
   vqmver    : 2.4.1
   author    : 
VQModObject::parseMods - Could not resolve path for [admin/language/english/default.php] (SKIPPED)
----------------------------------------------------------------------


---------- Date: 2015-12-21 07:28:12 ~ IP : 127.0.0.1 ----------
REQUEST URI : /opencart/upload/admin/index.php?route=sale/order/export&token=iKTfZ4u6Xb5DyKQU4JV3H65Fl9dhScQv
MOD DETAILS:
   modFile   : E:\Xampp\htdocs\opencart\upload\vqmod/xml/irsfree_customers_orders_export_excel.xml
   id        : Export customer list and order list
   version   : 2.0
   vqmver    : 2.4.1
   author    : 
VQModObject::parseMods - Could not resolve path for [admin/language/english/default.php] (SKIPPED)
----------------------------------------------------------------------


---------- Date: 2015-12-21 07:28:59 ~ IP : 127.0.0.1 ----------
REQUEST URI : /opencart/upload/admin/index.php?route=sale/order/export&token=iKTfZ4u6Xb5DyKQU4JV3H65Fl9dhScQv
MOD DETAILS:
   modFile   : E:\Xampp\htdocs\opencart\upload\vqmod/xml/irsfree_customers_orders_export_excel.xml
   id        : Export customer list and order list
   version   : 2.0
   vqmver    : 2.4.1
   author    : 
VQModObject::parseMods - Could not resolve path for [admin/language/english/default.php] (SKIPPED)
----------------------------------------------------------------------


---------- Date: 2015-12-21 07:29:55 ~ IP : 127.0.0.1 ----------
REQUEST URI : /opencart/upload/admin/index.php?route=sale/order/export&token=iKTfZ4u6Xb5DyKQU4JV3H65Fl9dhScQv
MOD DETAILS:
   modFile   : E:\Xampp\htdocs\opencart\upload\vqmod/xml/irsfree_customers_orders_export_excel.xml
   id        : Export customer list and order list
   version   : 2.0
   vqmver    : 2.4.1
   author    : 
VQModObject::parseMods - Could not resolve path for [admin/language/english/default.php] (SKIPPED)
----------------------------------------------------------------------


---------- Date: 2015-12-21 07:30:55 ~ IP : 127.0.0.1 ----------
REQUEST URI : /opencart/upload/admin/index.php?route=sale/order/export&token=iKTfZ4u6Xb5DyKQU4JV3H65Fl9dhScQv
MOD DETAILS:
   modFile   : E:\Xampp\htdocs\opencart\upload\vqmod/xml/irsfree_customers_orders_export_excel.xml
   id        : Export customer list and order list
   version   : 2.0
   vqmver    : 2.4.1
   author    : 
VQModObject::parseMods - Could not resolve path for [admin/language/english/default.php] (SKIPPED)
----------------------------------------------------------------------


---------- Date: 2015-12-21 07:32:18 ~ IP : 127.0.0.1 ----------
REQUEST URI : /opencart/upload/admin/index.php?route=sale/order/export&token=iKTfZ4u6Xb5DyKQU4JV3H65Fl9dhScQv
MOD DETAILS:
   modFile   : E:\Xampp\htdocs\opencart\upload\vqmod/xml/irsfree_customers_orders_export_excel.xml
   id        : Export customer list and order list
   version   : 2.0
   vqmver    : 2.4.1
   author    : 
VQModObject::parseMods - Could not resolve path for [admin/language/english/default.php] (SKIPPED)
----------------------------------------------------------------------


---------- Date: 2015-12-21 07:33:18 ~ IP : 127.0.0.1 ----------
REQUEST URI : /opencart/upload/admin/index.php?route=sale/order/export&token=iKTfZ4u6Xb5DyKQU4JV3H65Fl9dhScQv
MOD DETAILS:
   modFile   : E:\Xampp\htdocs\opencart\upload\vqmod/xml/irsfree_customers_orders_export_excel.xml
   id        : Export customer list and order list
   version   : 2.0
   vqmver    : 2.4.1
   author    : 
VQModObject::parseMods - Could not resolve path for [admin/language/english/default.php] (SKIPPED)
----------------------------------------------------------------------


---------- Date: 2015-12-21 07:36:35 ~ IP : 127.0.0.1 ----------
REQUEST URI : /opencart/upload/admin/index.php?route=sale/order/export&token=iKTfZ4u6Xb5DyKQU4JV3H65Fl9dhScQv
MOD DETAILS:
   modFile   : E:\Xampp\htdocs\opencart\upload\vqmod/xml/irsfree_customers_orders_export_excel.xml
   id        : Export customer list and order list
   version   : 2.0
   vqmver    : 2.4.1
   author    : 
VQModObject::parseMods - Could not resolve path for [admin/language/english/default.php] (SKIPPED)
----------------------------------------------------------------------


---------- Date: 2015-12-21 07:38:15 ~ IP : 127.0.0.1 ----------
REQUEST URI : /opencart/upload/admin/index.php?route=sale/order/export&token=iKTfZ4u6Xb5DyKQU4JV3H65Fl9dhScQv
MOD DETAILS:
   modFile   : E:\Xampp\htdocs\opencart\upload\vqmod/xml/irsfree_customers_orders_export_excel.xml
   id        : Export customer list and order list
   version   : 2.0
   vqmver    : 2.4.1
   author    : 
VQModObject::parseMods - Could not resolve path for [admin/language/english/default.php] (SKIPPED)
----------------------------------------------------------------------


---------- Date: 2015-12-21 07:41:44 ~ IP : 127.0.0.1 ----------
REQUEST URI : /opencart/upload/admin/index.php?route=sale/order&token=iKTfZ4u6Xb5DyKQU4JV3H65Fl9dhScQv
MOD DETAILS:
   modFile   : E:\Xampp\htdocs\opencart\upload\vqmod/xml/irsfree_customers_orders_export_excel.xml
   id        : Export customer list and order list
   version   : 2.0
   vqmver    : 2.4.1
   author    : 
VQModObject::parseMods - Could not resolve path for [admin/language/english/default.php] (SKIPPED)
----------------------------------------------------------------------


---------- Date: 2015-12-21 07:57:48 ~ IP : 127.0.0.1 ----------
REQUEST URI : /opencart/upload/admin/index.php?route=sale/order&token=iKTfZ4u6Xb5DyKQU4JV3H65Fl9dhScQv
MOD DETAILS:
   modFile   : E:\Xampp\htdocs\opencart\upload\vqmod/xml/irsfree_customers_orders_export_excel.xml
   id        : Export customer list and order list
   version   : 2.0
   vqmver    : 2.4.1
   author    : 
VQModObject::parseMods - Could not resolve path for [admin/language/english/default.php] (SKIPPED)
----------------------------------------------------------------------


---------- Date: 2015-12-21 08:19:06 ~ IP : 127.0.0.1 ----------
REQUEST URI : /opencart/upload/admin/index.php?route=sale/order&token=iKTfZ4u6Xb5DyKQU4JV3H65Fl9dhScQv
MOD DETAILS:
   modFile   : E:\Xampp\htdocs\opencart\upload\vqmod/xml/irsfree_customers_orders_export_excel.xml
   id        : Export customer list and order list
   version   : 2.0
   vqmver    : 2.4.1
   author    : 
VQModObject::parseMods - Could not resolve path for [admin/language/english/default.php] (SKIPPED)
----------------------------------------------------------------------


---------- Date: 2015-12-21 08:21:00 ~ IP : 127.0.0.1 ----------
REQUEST URI : /opencart/upload/admin/index.php?route=sale/order&token=iKTfZ4u6Xb5DyKQU4JV3H65Fl9dhScQv
MOD DETAILS:
   modFile   : E:\Xampp\htdocs\opencart\upload\vqmod/xml/irsfree_customers_orders_export_excel.xml
   id        : Export customer list and order list
   version   : 2.0
   vqmver    : 2.4.1
   author    : 
VQModObject::parseMods - Could not resolve path for [admin/language/english/default.php] (SKIPPED)
----------------------------------------------------------------------


---------- Date: 2015-12-21 08:22:46 ~ IP : 127.0.0.1 ----------
REQUEST URI : /opencart/upload/admin/index.php?route=sale/order/export&token=iKTfZ4u6Xb5DyKQU4JV3H65Fl9dhScQv
MOD DETAILS:
   modFile   : E:\Xampp\htdocs\opencart\upload\vqmod/xml/irsfree_customers_orders_export_excel.xml
   id        : Export customer list and order list
   version   : 2.0
   vqmver    : 2.4.1
   author    : 
VQModObject::parseMods - Could not resolve path for [admin/language/english/default.php] (SKIPPED)
----------------------------------------------------------------------


---------- Date: 2015-12-21 08:24:23 ~ IP : 127.0.0.1 ----------
REQUEST URI : /opencart/upload/admin/index.php?route=sale/order/export&token=iKTfZ4u6Xb5DyKQU4JV3H65Fl9dhScQv
MOD DETAILS:
   modFile   : E:\Xampp\htdocs\opencart\upload\vqmod/xml/irsfree_customers_orders_export_excel.xml
   id        : Export customer list and order list
   version   : 2.0
   vqmver    : 2.4.1
   author    : 
VQModObject::parseMods - Could not resolve path for [admin/language/english/default.php] (SKIPPED)
----------------------------------------------------------------------


---------- Date: 2015-12-21 08:34:22 ~ IP : 127.0.0.1 ----------
REQUEST URI : /opencart/upload/admin/
MOD DETAILS:
   modFile   : E:\Xampp\htdocs\opencart\upload\vqmod/xml/irsfree_customers_orders_export_excel.xml
   id        : Export customer list and order list
   version   : 2.0
   vqmver    : 2.4.1
   author    : 
VQModObject::parseMods - Could not resolve path for [admin/language/english/default.php] (SKIPPED)
----------------------------------------------------------------------


---------- Date: 2015-12-21 08:42:50 ~ IP : 127.0.0.1 ----------
REQUEST URI : /opencart/upload/admin/index.php?route=sale/order/export&token=gWq1W5qcnriCgaxo97dqE48wgt9COTWX
MOD DETAILS:
   modFile   : E:\Xampp\htdocs\opencart\upload\vqmod/xml/irsfree_customers_orders_export_excel.xml
   id        : Export customer list and order list
   version   : 2.0
   vqmver    : 2.4.1
   author    : 
VQModObject::parseMods - Could not resolve path for [admin/language/english/default.php] (SKIPPED)
----------------------------------------------------------------------


---------- Date: 2015-12-21 11:00:32 ~ IP : 127.0.0.1 ----------
REQUEST URI : /opencart/upload/admin/index.php?route=sale/order&token=gWq1W5qcnriCgaxo97dqE48wgt9COTWX
MOD DETAILS:
   modFile   : E:\Xampp\htdocs\opencart\upload\vqmod/xml/irsfree_customers_orders_export_excel.xml
   id        : Export customer list and order list
   version   : 2.0
   vqmver    : 2.4.1
   author    : 
VQModObject::parseMods - Could not resolve path for [admin/language/english/default.php] (SKIPPED)
----------------------------------------------------------------------


---------- Date: 2015-12-21 11:01:33 ~ IP : 127.0.0.1 ----------
REQUEST URI : /opencart/upload/admin/index.php?route=sale/order/export&token=gWq1W5qcnriCgaxo97dqE48wgt9COTWX
MOD DETAILS:
   modFile   : E:\Xampp\htdocs\opencart\upload\vqmod/xml/irsfree_customers_orders_export_excel.xml
   id        : Export customer list and order list
   version   : 2.0
   vqmver    : 2.4.1
   author    : 
VQModObject::parseMods - Could not resolve path for [admin/language/english/default.php] (SKIPPED)
----------------------------------------------------------------------


---------- Date: 2015-12-21 11:02:44 ~ IP : 127.0.0.1 ----------
REQUEST URI : /opencart/upload/admin/index.php?route=sale/order&token=gWq1W5qcnriCgaxo97dqE48wgt9COTWX
MOD DETAILS:
   modFile   : E:\Xampp\htdocs\opencart\upload\vqmod/xml/irsfree_customers_orders_export_excel.xml
   id        : Export customer list and order list
   version   : 2.0
   vqmver    : 2.4.1
   author    : 
VQModObject::parseMods - Could not resolve path for [admin/language/english/default.php] (SKIPPED)
----------------------------------------------------------------------


---------- Date: 2015-12-21 11:26:19 ~ IP : 127.0.0.1 ----------
REQUEST URI : /opencart/upload/admin/index.php?route=sale/order&token=gWq1W5qcnriCgaxo97dqE48wgt9COTWX
MOD DETAILS:
   modFile   : E:\Xampp\htdocs\opencart\upload\vqmod/xml/irsfree_customers_orders_export_excel.xml
   id        : Export customer list and order list
   version   : 2.0
   vqmver    : 2.4.1
   author    : 
VQModObject::parseMods - Could not resolve path for [admin/language/english/default.php] (SKIPPED)
----------------------------------------------------------------------


