---------- Date: 2015-12-08 04:08:22 ~ IP : 127.0.0.1 ----------
REQUEST URI : /opencart/upload/
MOD DETAILS:
   modFile   : E:\Xampp\htdocs\opencart\upload\vqmod/xml/irsfree_export_excel_bulk.xml
   id        : Export Excel Data Bulk 
   version   : 2.0
   vqmver    : 2.4.1
   author    : IRSSOFT
VQModObject::parseMods - Could not resolve path for [admin/language/english/default.php] (SKIPPED)

----------------------------------------------------------------------


---------- Date: 2015-12-08 04:11:07 ~ IP : 127.0.0.1 ----------
REQUEST URI : /opencart/upload/admin/index.php?route=catalog/product&token=ufidfbnPpWUu8BI8dKLcnF60WHAAGq2H
MOD DETAILS:
   modFile   : E:\Xampp\htdocs\opencart\upload\vqmod/xml/irsfree_customers_orders_export_excel.xml
   id        : Export customer list and order list
   version   : 2.0
   vqmver    : 2.4.1
   author    : IRSSOFT
VQModObject::parseMods - Could not resolve path for [admin/language/english/default.php] (SKIPPED)
----------------------------------------------------------------------


