---------- Date: 2015-12-30 04:46:22 ~ IP : 127.0.0.1 ----------
REQUEST URI : /opencart/upload/admin/
MOD DETAILS:
   modFile   : E:\Xampp\htdocs\opencart\upload\vqmod/xml/irsfree_customers_orders_export_excel.xml
   id        : Export customer list and order list
   version   : 2.0
   vqmver    : 2.4.1
   author    : 
VQModObject::parseMods - Could not resolve path for [admin/language/english/default.php] (SKIPPED)
----------------------------------------------------------------------


---------- Date: 2015-12-30 07:30:06 ~ IP : 127.0.0.1 ----------
REQUEST URI : /opencart/upload/admin/
MOD DETAILS:
   modFile   : E:\Xampp\htdocs\opencart\upload\vqmod/xml/irsfree_customers_orders_export_excel.xml
   id        : Export customer list and order list
   version   : 2.0
   vqmver    : 2.4.1
   author    : 
VQModObject::parseMods - Could not resolve path for [admin/language/english/default.php] (SKIPPED)
----------------------------------------------------------------------


---------- Date: 2015-12-30 07:32:44 ~ IP : 127.0.0.1 ----------
REQUEST URI : /opencart/upload/admin/index.php?route=sale/order/export&token=0MekYQbXoMQt8eMfuO51dHOLFxDJhsTg
MOD DETAILS:
   modFile   : E:\Xampp\htdocs\opencart\upload\vqmod/xml/irsfree_customers_orders_export_excel.xml
   id        : Export customer list and order list
   version   : 2.0
   vqmver    : 2.4.1
   author    : 
VQModObject::parseMods - Could not resolve path for [admin/language/english/default.php] (SKIPPED)
----------------------------------------------------------------------


---------- Date: 2015-12-30 07:34:09 ~ IP : 127.0.0.1 ----------
REQUEST URI : /opencart/upload/admin/index.php?route=sale/order/export&token=0MekYQbXoMQt8eMfuO51dHOLFxDJhsTg
MOD DETAILS:
   modFile   : E:\Xampp\htdocs\opencart\upload\vqmod/xml/irsfree_customers_orders_export_excel.xml
   id        : Export customer list and order list
   version   : 2.0
   vqmver    : 2.4.1
   author    : 
VQModObject::parseMods - Could not resolve path for [admin/language/english/default.php] (SKIPPED)
----------------------------------------------------------------------


---------- Date: 2015-12-30 07:35:59 ~ IP : 127.0.0.1 ----------
REQUEST URI : /opencart/upload/admin/index.php?route=sale/order/export&token=0MekYQbXoMQt8eMfuO51dHOLFxDJhsTg
MOD DETAILS:
   modFile   : E:\Xampp\htdocs\opencart\upload\vqmod/xml/irsfree_customers_orders_export_excel.xml
   id        : Export customer list and order list
   version   : 2.0
   vqmver    : 2.4.1
   author    : 
VQModObject::parseMods - Could not resolve path for [admin/language/english/default.php] (SKIPPED)
----------------------------------------------------------------------


---------- Date: 2015-12-30 07:37:54 ~ IP : 127.0.0.1 ----------
REQUEST URI : /opencart/upload/admin/index.php?route=sale/order/export&token=0MekYQbXoMQt8eMfuO51dHOLFxDJhsTg
MOD DETAILS:
   modFile   : E:\Xampp\htdocs\opencart\upload\vqmod/xml/irsfree_customers_orders_export_excel.xml
   id        : Export customer list and order list
   version   : 2.0
   vqmver    : 2.4.1
   author    : 
VQModObject::parseMods - Could not resolve path for [admin/language/english/default.php] (SKIPPED)
----------------------------------------------------------------------


---------- Date: 2015-12-30 07:39:57 ~ IP : 127.0.0.1 ----------
REQUEST URI : /opencart/upload/admin/index.php?route=sale/order/export&token=0MekYQbXoMQt8eMfuO51dHOLFxDJhsTg
MOD DETAILS:
   modFile   : E:\Xampp\htdocs\opencart\upload\vqmod/xml/irsfree_customers_orders_export_excel.xml
   id        : Export customer list and order list
   version   : 2.0
   vqmver    : 2.4.1
   author    : 
VQModObject::parseMods - Could not resolve path for [admin/language/english/default.php] (SKIPPED)
----------------------------------------------------------------------


---------- Date: 2015-12-30 07:43:23 ~ IP : 127.0.0.1 ----------
REQUEST URI : /opencart/upload/admin/index.php?route=sale/order/export&token=0MekYQbXoMQt8eMfuO51dHOLFxDJhsTg
MOD DETAILS:
   modFile   : E:\Xampp\htdocs\opencart\upload\vqmod/xml/irsfree_customers_orders_export_excel.xml
   id        : Export customer list and order list
   version   : 2.0
   vqmver    : 2.4.1
   author    : 
VQModObject::parseMods - Could not resolve path for [admin/language/english/default.php] (SKIPPED)
----------------------------------------------------------------------


---------- Date: 2015-12-30 08:00:01 ~ IP : 127.0.0.1 ----------
REQUEST URI : /opencart/upload/admin/index.php?route=sale/order/export&token=0MekYQbXoMQt8eMfuO51dHOLFxDJhsTg
MOD DETAILS:
   modFile   : E:\Xampp\htdocs\opencart\upload\vqmod/xml/irsfree_customers_orders_export_excel.xml
   id        : Export customer list and order list
   version   : 2.0
   vqmver    : 2.4.1
   author    : 
VQModObject::parseMods - Could not resolve path for [admin/language/english/default.php] (SKIPPED)
----------------------------------------------------------------------


---------- Date: 2015-12-30 08:01:00 ~ IP : 127.0.0.1 ----------
REQUEST URI : /opencart/upload/admin/index.php?route=sale/order/export&token=0MekYQbXoMQt8eMfuO51dHOLFxDJhsTg
MOD DETAILS:
   modFile   : E:\Xampp\htdocs\opencart\upload\vqmod/xml/irsfree_customers_orders_export_excel.xml
   id        : Export customer list and order list
   version   : 2.0
   vqmver    : 2.4.1
   author    : 
VQModObject::parseMods - Could not resolve path for [admin/language/english/default.php] (SKIPPED)
----------------------------------------------------------------------


---------- Date: 2015-12-30 08:01:31 ~ IP : 127.0.0.1 ----------
REQUEST URI : /opencart/upload/admin/index.php?route=sale/order/export&token=0MekYQbXoMQt8eMfuO51dHOLFxDJhsTg
MOD DETAILS:
   modFile   : E:\Xampp\htdocs\opencart\upload\vqmod/xml/irsfree_customers_orders_export_excel.xml
   id        : Export customer list and order list
   version   : 2.0
   vqmver    : 2.4.1
   author    : 
VQModObject::parseMods - Could not resolve path for [admin/language/english/default.php] (SKIPPED)
----------------------------------------------------------------------


---------- Date: 2015-12-30 08:05:44 ~ IP : 127.0.0.1 ----------
REQUEST URI : /opencart/upload/admin/index.php?route=sale/order/export&token=0MekYQbXoMQt8eMfuO51dHOLFxDJhsTg
MOD DETAILS:
   modFile   : E:\Xampp\htdocs\opencart\upload\vqmod/xml/irsfree_customers_orders_export_excel.xml
   id        : Export customer list and order list
   version   : 2.0
   vqmver    : 2.4.1
   author    : 
VQModObject::parseMods - Could not resolve path for [admin/language/english/default.php] (SKIPPED)
----------------------------------------------------------------------


---------- Date: 2015-12-30 08:06:31 ~ IP : 127.0.0.1 ----------
REQUEST URI : /opencart/upload/admin/index.php?route=sale/order/export&token=0MekYQbXoMQt8eMfuO51dHOLFxDJhsTg
MOD DETAILS:
   modFile   : E:\Xampp\htdocs\opencart\upload\vqmod/xml/irsfree_customers_orders_export_excel.xml
   id        : Export customer list and order list
   version   : 2.0
   vqmver    : 2.4.1
   author    : 
VQModObject::parseMods - Could not resolve path for [admin/language/english/default.php] (SKIPPED)
----------------------------------------------------------------------


---------- Date: 2015-12-30 08:06:52 ~ IP : 127.0.0.1 ----------
REQUEST URI : /opencart/upload/admin/index.php?route=sale/order/export&token=0MekYQbXoMQt8eMfuO51dHOLFxDJhsTg
MOD DETAILS:
   modFile   : E:\Xampp\htdocs\opencart\upload\vqmod/xml/irsfree_customers_orders_export_excel.xml
   id        : Export customer list and order list
   version   : 2.0
   vqmver    : 2.4.1
   author    : 
VQModObject::parseMods - Could not resolve path for [admin/language/english/default.php] (SKIPPED)
----------------------------------------------------------------------


---------- Date: 2015-12-30 08:07:35 ~ IP : 127.0.0.1 ----------
REQUEST URI : /opencart/upload/admin/index.php?route=sale/order/export&token=0MekYQbXoMQt8eMfuO51dHOLFxDJhsTg
MOD DETAILS:
   modFile   : E:\Xampp\htdocs\opencart\upload\vqmod/xml/irsfree_customers_orders_export_excel.xml
   id        : Export customer list and order list
   version   : 2.0
   vqmver    : 2.4.1
   author    : 
VQModObject::parseMods - Could not resolve path for [admin/language/english/default.php] (SKIPPED)
----------------------------------------------------------------------


---------- Date: 2015-12-30 08:09:36 ~ IP : 127.0.0.1 ----------
REQUEST URI : /opencart/upload/admin/index.php?route=sale/order/export&token=0MekYQbXoMQt8eMfuO51dHOLFxDJhsTg
MOD DETAILS:
   modFile   : E:\Xampp\htdocs\opencart\upload\vqmod/xml/irsfree_customers_orders_export_excel.xml
   id        : Export customer list and order list
   version   : 2.0
   vqmver    : 2.4.1
   author    : 
VQModObject::parseMods - Could not resolve path for [admin/language/english/default.php] (SKIPPED)
----------------------------------------------------------------------


---------- Date: 2015-12-30 10:39:59 ~ IP : 127.0.0.1 ----------
REQUEST URI : /opencart/upload/admin/index.php?route=sale/order&token=oRQfBfqXW8zS9mDeDY3ZhPify51TLet4
MOD DETAILS:
   modFile   : E:\Xampp\htdocs\opencart\upload\vqmod/xml/irsfree_customers_orders_export_excel.xml
   id        : Export customer list and order list
   version   : 2.0
   vqmver    : 2.4.1
   author    : 
VQModObject::parseMods - Could not resolve path for [admin/language/english/default.php] (SKIPPED)
----------------------------------------------------------------------


---------- Date: 2015-12-30 10:43:04 ~ IP : 127.0.0.1 ----------
REQUEST URI : /opencart/upload/admin/index.php?route=sale/order/export&token=oRQfBfqXW8zS9mDeDY3ZhPify51TLet4
MOD DETAILS:
   modFile   : E:\Xampp\htdocs\opencart\upload\vqmod/xml/irsfree_customers_orders_export_excel.xml
   id        : Export customer list and order list
   version   : 2.0
   vqmver    : 2.4.1
   author    : 
VQModObject::parseMods - Could not resolve path for [admin/language/english/default.php] (SKIPPED)
----------------------------------------------------------------------


---------- Date: 2015-12-30 10:52:35 ~ IP : 127.0.0.1 ----------
REQUEST URI : /opencart/upload/admin/index.php?route=sale/order/export&token=oRQfBfqXW8zS9mDeDY3ZhPify51TLet4
MOD DETAILS:
   modFile   : E:\Xampp\htdocs\opencart\upload\vqmod/xml/irsfree_customers_orders_export_excel.xml
   id        : Export customer list and order list
   version   : 2.0
   vqmver    : 2.4.1
   author    : 
VQModObject::parseMods - Could not resolve path for [admin/language/english/default.php] (SKIPPED)
----------------------------------------------------------------------


---------- Date: 2015-12-30 10:54:40 ~ IP : 127.0.0.1 ----------
REQUEST URI : /opencart/upload/admin/index.php?route=sale/order/export&token=oRQfBfqXW8zS9mDeDY3ZhPify51TLet4
MOD DETAILS:
   modFile   : E:\Xampp\htdocs\opencart\upload\vqmod/xml/irsfree_customers_orders_export_excel.xml
   id        : Export customer list and order list
   version   : 2.0
   vqmver    : 2.4.1
   author    : 
VQModObject::parseMods - Could not resolve path for [admin/language/english/default.php] (SKIPPED)
----------------------------------------------------------------------


---------- Date: 2015-12-30 10:57:06 ~ IP : 127.0.0.1 ----------
REQUEST URI : /opencart/upload/admin/index.php?route=sale/order/export&token=oRQfBfqXW8zS9mDeDY3ZhPify51TLet4
MOD DETAILS:
   modFile   : E:\Xampp\htdocs\opencart\upload\vqmod/xml/irsfree_customers_orders_export_excel.xml
   id        : Export customer list and order list
   version   : 2.0
   vqmver    : 2.4.1
   author    : 
VQModObject::parseMods - Could not resolve path for [admin/language/english/default.php] (SKIPPED)
----------------------------------------------------------------------


---------- Date: 2015-12-30 10:57:24 ~ IP : 127.0.0.1 ----------
REQUEST URI : /opencart/upload/admin/index.php?route=sale/order/export&token=oRQfBfqXW8zS9mDeDY3ZhPify51TLet4
MOD DETAILS:
   modFile   : E:\Xampp\htdocs\opencart\upload\vqmod/xml/irsfree_customers_orders_export_excel.xml
   id        : Export customer list and order list
   version   : 2.0
   vqmver    : 2.4.1
   author    : 
VQModObject::parseMods - Could not resolve path for [admin/language/english/default.php] (SKIPPED)
----------------------------------------------------------------------


---------- Date: 2015-12-30 10:58:04 ~ IP : 127.0.0.1 ----------
REQUEST URI : /opencart/upload/admin/index.php?route=sale/order/export&token=oRQfBfqXW8zS9mDeDY3ZhPify51TLet4
MOD DETAILS:
   modFile   : E:\Xampp\htdocs\opencart\upload\vqmod/xml/irsfree_customers_orders_export_excel.xml
   id        : Export customer list and order list
   version   : 2.0
   vqmver    : 2.4.1
   author    : 
VQModObject::parseMods - Could not resolve path for [admin/language/english/default.php] (SKIPPED)
----------------------------------------------------------------------


---------- Date: 2015-12-30 10:58:21 ~ IP : 127.0.0.1 ----------
REQUEST URI : /opencart/upload/admin/index.php?route=sale/order/export&token=oRQfBfqXW8zS9mDeDY3ZhPify51TLet4
MOD DETAILS:
   modFile   : E:\Xampp\htdocs\opencart\upload\vqmod/xml/irsfree_customers_orders_export_excel.xml
   id        : Export customer list and order list
   version   : 2.0
   vqmver    : 2.4.1
   author    : 
VQModObject::parseMods - Could not resolve path for [admin/language/english/default.php] (SKIPPED)
----------------------------------------------------------------------


---------- Date: 2015-12-30 11:00:38 ~ IP : 127.0.0.1 ----------
REQUEST URI : /opencart/upload/admin/index.php?route=sale/order/export&token=oRQfBfqXW8zS9mDeDY3ZhPify51TLet4
MOD DETAILS:
   modFile   : E:\Xampp\htdocs\opencart\upload\vqmod/xml/irsfree_customers_orders_export_excel.xml
   id        : Export customer list and order list
   version   : 2.0
   vqmver    : 2.4.1
   author    : 
VQModObject::parseMods - Could not resolve path for [admin/language/english/default.php] (SKIPPED)
----------------------------------------------------------------------


---------- Date: 2015-12-30 11:01:53 ~ IP : 127.0.0.1 ----------
REQUEST URI : /opencart/upload/admin/index.php?route=sale/order/export&token=oRQfBfqXW8zS9mDeDY3ZhPify51TLet4
MOD DETAILS:
   modFile   : E:\Xampp\htdocs\opencart\upload\vqmod/xml/irsfree_customers_orders_export_excel.xml
   id        : Export customer list and order list
   version   : 2.0
   vqmver    : 2.4.1
   author    : 
VQModObject::parseMods - Could not resolve path for [admin/language/english/default.php] (SKIPPED)
----------------------------------------------------------------------


---------- Date: 2015-12-30 11:04:22 ~ IP : 127.0.0.1 ----------
REQUEST URI : /opencart/upload/admin/index.php?route=sale/order/export&token=A1oP4p3fF227rLwtZZhtkipMPKCbeDFN
MOD DETAILS:
   modFile   : E:\Xampp\htdocs\opencart\upload\vqmod/xml/irsfree_customers_orders_export_excel.xml
   id        : Export customer list and order list
   version   : 2.0
   vqmver    : 2.4.1
   author    : 
VQModObject::parseMods - Could not resolve path for [admin/language/english/default.php] (SKIPPED)
----------------------------------------------------------------------


---------- Date: 2015-12-30 11:05:21 ~ IP : 127.0.0.1 ----------
REQUEST URI : /opencart/upload/admin/index.php?route=sale/order/export&token=A1oP4p3fF227rLwtZZhtkipMPKCbeDFN
MOD DETAILS:
   modFile   : E:\Xampp\htdocs\opencart\upload\vqmod/xml/irsfree_customers_orders_export_excel.xml
   id        : Export customer list and order list
   version   : 2.0
   vqmver    : 2.4.1
   author    : 
VQModObject::parseMods - Could not resolve path for [admin/language/english/default.php] (SKIPPED)
----------------------------------------------------------------------


---------- Date: 2015-12-30 11:07:13 ~ IP : 127.0.0.1 ----------
REQUEST URI : /opencart/upload/admin/index.php?route=sale/order/export&token=A1oP4p3fF227rLwtZZhtkipMPKCbeDFN
MOD DETAILS:
   modFile   : E:\Xampp\htdocs\opencart\upload\vqmod/xml/irsfree_customers_orders_export_excel.xml
   id        : Export customer list and order list
   version   : 2.0
   vqmver    : 2.4.1
   author    : 
VQModObject::parseMods - Could not resolve path for [admin/language/english/default.php] (SKIPPED)
----------------------------------------------------------------------


