---------- Date: 2015-12-10 02:54:51 ~ IP : 127.0.0.1 ----------
REQUEST URI : /opencart/upload/admin/
MOD DETAILS:
   modFile   : E:\Xampp\htdocs\opencart\upload\vqmod/xml/irsfree_customers_orders_export_excel.xml
   id        : Export customer list and order list
   version   : 2.0
   vqmver    : 2.4.1
   author    : IRSSOFT
VQModObject::parseMods - Could not resolve path for [admin/language/english/default.php] (SKIPPED)
----------------------------------------------------------------------


---------- Date: 2015-12-10 03:04:09 ~ IP : 127.0.0.1 ----------
REQUEST URI : /opencart/upload/admin/index.php?route=sale/order/export&token=qbgdSEvsCNzww6WyYUunhDhMk6XqMm5q
MOD DETAILS:
   modFile   : E:\Xampp\htdocs\opencart\upload\vqmod/xml/irsfree_customers_orders_export_excel.xml
   id        : Export customer list and order list
   version   : 2.0
   vqmver    : 2.4.1
   author    : IRSSOFT
VQModObject::parseMods - Could not resolve path for [admin/language/english/default.php] (SKIPPED)
----------------------------------------------------------------------


---------- Date: 2015-12-10 03:06:18 ~ IP : 127.0.0.1 ----------
REQUEST URI : /opencart/upload/admin/index.php?route=sale/order/export&token=qbgdSEvsCNzww6WyYUunhDhMk6XqMm5q
MOD DETAILS:
   modFile   : E:\Xampp\htdocs\opencart\upload\vqmod/xml/irsfree_customers_orders_export_excel.xml
   id        : Export customer list and order list
   version   : 2.0
   vqmver    : 2.4.1
   author    : IRSSOFT
VQModObject::parseMods - Could not resolve path for [admin/language/english/default.php] (SKIPPED)
----------------------------------------------------------------------


---------- Date: 2015-12-10 03:10:36 ~ IP : 127.0.0.1 ----------
REQUEST URI : /opencart/upload/admin/index.php?route=sale/order/export&token=qbgdSEvsCNzww6WyYUunhDhMk6XqMm5q
MOD DETAILS:
   modFile   : E:\Xampp\htdocs\opencart\upload\vqmod/xml/irsfree_customers_orders_export_excel.xml
   id        : Export customer list and order list
   version   : 2.0
   vqmver    : 2.4.1
   author    : IRSSOFT
VQModObject::parseMods - Could not resolve path for [admin/language/english/default.php] (SKIPPED)
----------------------------------------------------------------------


---------- Date: 2015-12-10 03:41:10 ~ IP : 127.0.0.1 ----------
REQUEST URI : /opencart/upload/admin/index.php?route=sale/order&token=qbgdSEvsCNzww6WyYUunhDhMk6XqMm5q
MOD DETAILS:
   modFile   : E:\Xampp\htdocs\opencart\upload\vqmod/xml/irsfree_customers_orders_export_excel.xml
   id        : Export customer list and order list
   version   : 2.0
   vqmver    : 2.4.1
   author    : IRSSOFT
VQModObject::parseMods - Could not resolve path for [admin/language/english/default.php] (SKIPPED)
----------------------------------------------------------------------


---------- Date: 2015-12-10 04:08:59 ~ IP : 127.0.0.1 ----------
REQUEST URI : /opencart/upload/admin/index.php?route=setting/store&token=qbgdSEvsCNzww6WyYUunhDhMk6XqMm5q
MOD DETAILS:
   modFile   : E:\Xampp\htdocs\opencart\upload\vqmod/xml/irsfree_customers_orders_export_excel.xml
   id        : Export customer list and order list
   version   : 2.0
   vqmver    : 2.4.1
   author    : IRSSOFT
VQModObject::parseMods - Could not resolve path for [admin/language/english/default.php] (SKIPPED)
----------------------------------------------------------------------


---------- Date: 2015-12-10 04:45:45 ~ IP : 127.0.0.1 ----------
REQUEST URI : /opencart/upload/admin/index.php?route=sale/order&token=qbgdSEvsCNzww6WyYUunhDhMk6XqMm5q
MOD DETAILS:
   modFile   : E:\Xampp\htdocs\opencart\upload\vqmod/xml/irsfree_customers_orders_export_excel.xml
   id        : Export customer list and order list
   version   : 2.0
   vqmver    : 2.4.1
   author    : IRSSOFT
VQModObject::parseMods - Could not resolve path for [admin/language/english/default.php] (SKIPPED)
----------------------------------------------------------------------


---------- Date: 2015-12-10 05:16:58 ~ IP : 127.0.0.1 ----------
REQUEST URI : /opencart/upload/admin/index.php?route=sale/order&token=qbgdSEvsCNzww6WyYUunhDhMk6XqMm5q
MOD DETAILS:
   modFile   : E:\Xampp\htdocs\opencart\upload\vqmod/xml/irsfree_customers_orders_export_excel.xml
   id        : Export customer list and order list
   version   : 2.0
   vqmver    : 2.4.1
   author    : IRSSOFT
VQModObject::parseMods - Could not resolve path for [admin/language/english/default.php] (SKIPPED)
----------------------------------------------------------------------


---------- Date: 2015-12-10 05:20:10 ~ IP : 127.0.0.1 ----------
REQUEST URI : /opencart/upload/admin/index.php?route=sale/order/export&token=qbgdSEvsCNzww6WyYUunhDhMk6XqMm5q
MOD DETAILS:
   modFile   : E:\Xampp\htdocs\opencart\upload\vqmod/xml/irsfree_customers_orders_export_excel.xml
   id        : Export customer list and order list
   version   : 2.0
   vqmver    : 2.4.1
   author    : IRSSOFT
VQModObject::parseMods - Could not resolve path for [admin/language/english/default.php] (SKIPPED)
----------------------------------------------------------------------


---------- Date: 2015-12-10 05:20:47 ~ IP : 127.0.0.1 ----------
REQUEST URI : /opencart/upload/admin/index.php?route=sale/order/export&token=qbgdSEvsCNzww6WyYUunhDhMk6XqMm5q
MOD DETAILS:
   modFile   : E:\Xampp\htdocs\opencart\upload\vqmod/xml/irsfree_customers_orders_export_excel.xml
   id        : Export customer list and order list
   version   : 2.0
   vqmver    : 2.4.1
   author    : IRSSOFT
VQModObject::parseMods - Could not resolve path for [admin/language/english/default.php] (SKIPPED)
----------------------------------------------------------------------


---------- Date: 2015-12-10 05:24:09 ~ IP : 127.0.0.1 ----------
REQUEST URI : /opencart/upload/admin/index.php?route=sale/order/export&token=qbgdSEvsCNzww6WyYUunhDhMk6XqMm5q
MOD DETAILS:
   modFile   : E:\Xampp\htdocs\opencart\upload\vqmod/xml/irsfree_customers_orders_export_excel.xml
   id        : Export customer list and order list
   version   : 2.0
   vqmver    : 2.4.1
   author    : IRSSOFT
VQModObject::parseMods - Could not resolve path for [admin/language/english/default.php] (SKIPPED)
----------------------------------------------------------------------


---------- Date: 2015-12-10 05:24:53 ~ IP : 127.0.0.1 ----------
REQUEST URI : /opencart/upload/admin/index.php?route=sale/order/export&token=qbgdSEvsCNzww6WyYUunhDhMk6XqMm5q
MOD DETAILS:
   modFile   : E:\Xampp\htdocs\opencart\upload\vqmod/xml/irsfree_customers_orders_export_excel.xml
   id        : Export customer list and order list
   version   : 2.0
   vqmver    : 2.4.1
   author    : IRSSOFT
VQModObject::parseMods - Could not resolve path for [admin/language/english/default.php] (SKIPPED)
----------------------------------------------------------------------


---------- Date: 2015-12-10 05:25:22 ~ IP : 127.0.0.1 ----------
REQUEST URI : /opencart/upload/admin/index.php?route=sale/order/export&token=qbgdSEvsCNzww6WyYUunhDhMk6XqMm5q
MOD DETAILS:
   modFile   : E:\Xampp\htdocs\opencart\upload\vqmod/xml/irsfree_customers_orders_export_excel.xml
   id        : Export customer list and order list
   version   : 2.0
   vqmver    : 2.4.1
   author    : IRSSOFT
VQModObject::parseMods - Could not resolve path for [admin/language/english/default.php] (SKIPPED)
----------------------------------------------------------------------


---------- Date: 2015-12-10 05:25:46 ~ IP : 127.0.0.1 ----------
REQUEST URI : /opencart/upload/admin/index.php?route=sale/order/export&token=qbgdSEvsCNzww6WyYUunhDhMk6XqMm5q
MOD DETAILS:
   modFile   : E:\Xampp\htdocs\opencart\upload\vqmod/xml/irsfree_customers_orders_export_excel.xml
   id        : Export customer list and order list
   version   : 2.0
   vqmver    : 2.4.1
   author    : IRSSOFT
VQModObject::parseMods - Could not resolve path for [admin/language/english/default.php] (SKIPPED)
----------------------------------------------------------------------


---------- Date: 2015-12-10 05:26:03 ~ IP : 127.0.0.1 ----------
REQUEST URI : /opencart/upload/admin/index.php?route=sale/order/export&token=qbgdSEvsCNzww6WyYUunhDhMk6XqMm5q
MOD DETAILS:
   modFile   : E:\Xampp\htdocs\opencart\upload\vqmod/xml/irsfree_customers_orders_export_excel.xml
   id        : Export customer list and order list
   version   : 2.0
   vqmver    : 2.4.1
   author    : IRSSOFT
VQModObject::parseMods - Could not resolve path for [admin/language/english/default.php] (SKIPPED)
----------------------------------------------------------------------


---------- Date: 2015-12-10 05:28:43 ~ IP : 127.0.0.1 ----------
REQUEST URI : /opencart/upload/admin/index.php?route=sale/order/export&token=qbgdSEvsCNzww6WyYUunhDhMk6XqMm5q
MOD DETAILS:
   modFile   : E:\Xampp\htdocs\opencart\upload\vqmod/xml/irsfree_customers_orders_export_excel.xml
   id        : Export customer list and order list
   version   : 2.0
   vqmver    : 2.4.1
   author    : IRSSOFT
VQModObject::parseMods - Could not resolve path for [admin/language/english/default.php] (SKIPPED)
----------------------------------------------------------------------


---------- Date: 2015-12-10 05:29:36 ~ IP : 127.0.0.1 ----------
REQUEST URI : /opencart/upload/admin/index.php?route=sale/order/export&token=qbgdSEvsCNzww6WyYUunhDhMk6XqMm5q
MOD DETAILS:
   modFile   : E:\Xampp\htdocs\opencart\upload\vqmod/xml/irsfree_customers_orders_export_excel.xml
   id        : Export customer list and order list
   version   : 2.0
   vqmver    : 2.4.1
   author    : IRSSOFT
VQModObject::parseMods - Could not resolve path for [admin/language/english/default.php] (SKIPPED)
----------------------------------------------------------------------


---------- Date: 2015-12-10 05:30:03 ~ IP : 127.0.0.1 ----------
REQUEST URI : /opencart/upload/admin/index.php?route=sale/order/export&token=qbgdSEvsCNzww6WyYUunhDhMk6XqMm5q
MOD DETAILS:
   modFile   : E:\Xampp\htdocs\opencart\upload\vqmod/xml/irsfree_customers_orders_export_excel.xml
   id        : Export customer list and order list
   version   : 2.0
   vqmver    : 2.4.1
   author    : IRSSOFT
VQModObject::parseMods - Could not resolve path for [admin/language/english/default.php] (SKIPPED)
----------------------------------------------------------------------


---------- Date: 2015-12-10 05:32:19 ~ IP : 127.0.0.1 ----------
REQUEST URI : /opencart/upload/admin/index.php?route=sale/order/export&token=qbgdSEvsCNzww6WyYUunhDhMk6XqMm5q
MOD DETAILS:
   modFile   : E:\Xampp\htdocs\opencart\upload\vqmod/xml/irsfree_customers_orders_export_excel.xml
   id        : Export customer list and order list
   version   : 2.0
   vqmver    : 2.4.1
   author    : IRSSOFT
VQModObject::parseMods - Could not resolve path for [admin/language/english/default.php] (SKIPPED)
----------------------------------------------------------------------


---------- Date: 2015-12-10 05:33:31 ~ IP : 127.0.0.1 ----------
REQUEST URI : /opencart/upload/admin/index.php?route=sale/order/export&token=qbgdSEvsCNzww6WyYUunhDhMk6XqMm5q
MOD DETAILS:
   modFile   : E:\Xampp\htdocs\opencart\upload\vqmod/xml/irsfree_customers_orders_export_excel.xml
   id        : Export customer list and order list
   version   : 2.0
   vqmver    : 2.4.1
   author    : IRSSOFT
VQModObject::parseMods - Could not resolve path for [admin/language/english/default.php] (SKIPPED)
----------------------------------------------------------------------


---------- Date: 2015-12-10 05:35:35 ~ IP : 127.0.0.1 ----------
REQUEST URI : /opencart/upload/admin/index.php?route=sale/order/export&token=qbgdSEvsCNzww6WyYUunhDhMk6XqMm5q
MOD DETAILS:
   modFile   : E:\Xampp\htdocs\opencart\upload\vqmod/xml/irsfree_customers_orders_export_excel.xml
   id        : Export customer list and order list
   version   : 2.0
   vqmver    : 2.4.1
   author    : IRSSOFT
VQModObject::parseMods - Could not resolve path for [admin/language/english/default.php] (SKIPPED)
----------------------------------------------------------------------


---------- Date: 2015-12-10 05:36:25 ~ IP : 127.0.0.1 ----------
REQUEST URI : /opencart/upload/admin/index.php?route=sale/order/export&token=qbgdSEvsCNzww6WyYUunhDhMk6XqMm5q
MOD DETAILS:
   modFile   : E:\Xampp\htdocs\opencart\upload\vqmod/xml/irsfree_customers_orders_export_excel.xml
   id        : Export customer list and order list
   version   : 2.0
   vqmver    : 2.4.1
   author    : IRSSOFT
VQModObject::parseMods - Could not resolve path for [admin/language/english/default.php] (SKIPPED)
----------------------------------------------------------------------


---------- Date: 2015-12-10 05:45:37 ~ IP : 127.0.0.1 ----------
REQUEST URI : /opencart/upload/admin/index.php?route=sale/order/export&token=qbgdSEvsCNzww6WyYUunhDhMk6XqMm5q
MOD DETAILS:
   modFile   : E:\Xampp\htdocs\opencart\upload\vqmod/xml/irsfree_customers_orders_export_excel.xml
   id        : Export customer list and order list
   version   : 2.0
   vqmver    : 2.4.1
   author    : IRSSOFT
VQModObject::parseMods - Could not resolve path for [admin/language/english/default.php] (SKIPPED)
----------------------------------------------------------------------


---------- Date: 2015-12-10 05:46:18 ~ IP : 127.0.0.1 ----------
REQUEST URI : /opencart/upload/admin/index.php?route=sale/order/export&token=qbgdSEvsCNzww6WyYUunhDhMk6XqMm5q
MOD DETAILS:
   modFile   : E:\Xampp\htdocs\opencart\upload\vqmod/xml/irsfree_customers_orders_export_excel.xml
   id        : Export customer list and order list
   version   : 2.0
   vqmver    : 2.4.1
   author    : IRSSOFT
VQModObject::parseMods - Could not resolve path for [admin/language/english/default.php] (SKIPPED)
----------------------------------------------------------------------


---------- Date: 2015-12-10 05:53:59 ~ IP : 127.0.0.1 ----------
REQUEST URI : /opencart/upload/admin/index.php?route=sale/order/export&token=qbgdSEvsCNzww6WyYUunhDhMk6XqMm5q
MOD DETAILS:
   modFile   : E:\Xampp\htdocs\opencart\upload\vqmod/xml/irsfree_customers_orders_export_excel.xml
   id        : Export customer list and order list
   version   : 2.0
   vqmver    : 2.4.1
   author    : IRSSOFT
VQModObject::parseMods - Could not resolve path for [admin/language/english/default.php] (SKIPPED)
----------------------------------------------------------------------


---------- Date: 2015-12-10 06:21:14 ~ IP : 127.0.0.1 ----------
REQUEST URI : /opencart/upload/admin/index.php?route=sale/order/export&token=qbgdSEvsCNzww6WyYUunhDhMk6XqMm5q
MOD DETAILS:
   modFile   : E:\Xampp\htdocs\opencart\upload\vqmod/xml/irsfree_customers_orders_export_excel.xml
   id        : Export customer list and order list
   version   : 2.0
   vqmver    : 2.4.1
   author    : IRSSOFT
VQModObject::parseMods - Could not resolve path for [admin/language/english/default.php] (SKIPPED)
----------------------------------------------------------------------


---------- Date: 2015-12-10 06:22:23 ~ IP : 127.0.0.1 ----------
REQUEST URI : /opencart/upload/admin/index.php?route=sale/order/export&token=qbgdSEvsCNzww6WyYUunhDhMk6XqMm5q
MOD DETAILS:
   modFile   : E:\Xampp\htdocs\opencart\upload\vqmod/xml/irsfree_customers_orders_export_excel.xml
   id        : Export customer list and order list
   version   : 2.0
   vqmver    : 2.4.1
   author    : IRSSOFT
VQModObject::parseMods - Could not resolve path for [admin/language/english/default.php] (SKIPPED)
----------------------------------------------------------------------


---------- Date: 2015-12-10 06:23:31 ~ IP : 127.0.0.1 ----------
REQUEST URI : /opencart/upload/admin/index.php?route=sale/order/export&token=qbgdSEvsCNzww6WyYUunhDhMk6XqMm5q
MOD DETAILS:
   modFile   : E:\Xampp\htdocs\opencart\upload\vqmod/xml/irsfree_customers_orders_export_excel.xml
   id        : Export customer list and order list
   version   : 2.0
   vqmver    : 2.4.1
   author    : IRSSOFT
VQModObject::parseMods - Could not resolve path for [admin/language/english/default.php] (SKIPPED)
----------------------------------------------------------------------


---------- Date: 2015-12-10 06:24:55 ~ IP : 127.0.0.1 ----------
REQUEST URI : /opencart/upload/admin/index.php?route=sale/order/export&token=qbgdSEvsCNzww6WyYUunhDhMk6XqMm5q
MOD DETAILS:
   modFile   : E:\Xampp\htdocs\opencart\upload\vqmod/xml/irsfree_customers_orders_export_excel.xml
   id        : Export customer list and order list
   version   : 2.0
   vqmver    : 2.4.1
   author    : IRSSOFT
VQModObject::parseMods - Could not resolve path for [admin/language/english/default.php] (SKIPPED)
----------------------------------------------------------------------


---------- Date: 2015-12-10 06:27:01 ~ IP : 127.0.0.1 ----------
REQUEST URI : /opencart/upload/admin/index.php?route=sale/order/export&token=qbgdSEvsCNzww6WyYUunhDhMk6XqMm5q
MOD DETAILS:
   modFile   : E:\Xampp\htdocs\opencart\upload\vqmod/xml/irsfree_customers_orders_export_excel.xml
   id        : Export customer list and order list
   version   : 2.0
   vqmver    : 2.4.1
   author    : IRSSOFT
VQModObject::parseMods - Could not resolve path for [admin/language/english/default.php] (SKIPPED)
----------------------------------------------------------------------


---------- Date: 2015-12-10 06:29:11 ~ IP : 127.0.0.1 ----------
REQUEST URI : /opencart/upload/admin/index.php?route=sale/order/export&token=qbgdSEvsCNzww6WyYUunhDhMk6XqMm5q
MOD DETAILS:
   modFile   : E:\Xampp\htdocs\opencart\upload\vqmod/xml/irsfree_customers_orders_export_excel.xml
   id        : Export customer list and order list
   version   : 2.0
   vqmver    : 2.4.1
   author    : IRSSOFT
VQModObject::parseMods - Could not resolve path for [admin/language/english/default.php] (SKIPPED)
----------------------------------------------------------------------


---------- Date: 2015-12-10 06:30:54 ~ IP : 127.0.0.1 ----------
REQUEST URI : /opencart/upload/admin/index.php?route=sale/order/export&token=qbgdSEvsCNzww6WyYUunhDhMk6XqMm5q
MOD DETAILS:
   modFile   : E:\Xampp\htdocs\opencart\upload\vqmod/xml/irsfree_customers_orders_export_excel.xml
   id        : Export customer list and order list
   version   : 2.0
   vqmver    : 2.4.1
   author    : IRSSOFT
VQModObject::parseMods - Could not resolve path for [admin/language/english/default.php] (SKIPPED)
----------------------------------------------------------------------


---------- Date: 2015-12-10 06:33:50 ~ IP : 127.0.0.1 ----------
REQUEST URI : /opencart/upload/admin/index.php?route=sale/order/export&token=qbgdSEvsCNzww6WyYUunhDhMk6XqMm5q
MOD DETAILS:
   modFile   : E:\Xampp\htdocs\opencart\upload\vqmod/xml/irsfree_customers_orders_export_excel.xml
   id        : Export customer list and order list
   version   : 2.0
   vqmver    : 2.4.1
   author    : IRSSOFT
VQModObject::parseMods - Could not resolve path for [admin/language/english/default.php] (SKIPPED)
----------------------------------------------------------------------


---------- Date: 2015-12-10 06:36:03 ~ IP : 127.0.0.1 ----------
REQUEST URI : /opencart/upload/admin/index.php?route=sale/order/export&token=qbgdSEvsCNzww6WyYUunhDhMk6XqMm5q
MOD DETAILS:
   modFile   : E:\Xampp\htdocs\opencart\upload\vqmod/xml/irsfree_customers_orders_export_excel.xml
   id        : Export customer list and order list
   version   : 2.0
   vqmver    : 2.4.1
   author    : IRSSOFT
VQModObject::parseMods - Could not resolve path for [admin/language/english/default.php] (SKIPPED)
----------------------------------------------------------------------


---------- Date: 2015-12-10 06:36:54 ~ IP : 127.0.0.1 ----------
REQUEST URI : /opencart/upload/admin/index.php?route=sale/order/export&token=qbgdSEvsCNzww6WyYUunhDhMk6XqMm5q
MOD DETAILS:
   modFile   : E:\Xampp\htdocs\opencart\upload\vqmod/xml/irsfree_customers_orders_export_excel.xml
   id        : Export customer list and order list
   version   : 2.0
   vqmver    : 2.4.1
   author    : IRSSOFT
VQModObject::parseMods - Could not resolve path for [admin/language/english/default.php] (SKIPPED)
----------------------------------------------------------------------


---------- Date: 2015-12-10 06:38:02 ~ IP : 127.0.0.1 ----------
REQUEST URI : /opencart/upload/admin/index.php?route=sale/order/export&token=qbgdSEvsCNzww6WyYUunhDhMk6XqMm5q
MOD DETAILS:
   modFile   : E:\Xampp\htdocs\opencart\upload\vqmod/xml/irsfree_customers_orders_export_excel.xml
   id        : Export customer list and order list
   version   : 2.0
   vqmver    : 2.4.1
   author    : IRSSOFT
VQModObject::parseMods - Could not resolve path for [admin/language/english/default.php] (SKIPPED)
----------------------------------------------------------------------


---------- Date: 2015-12-10 06:39:53 ~ IP : 127.0.0.1 ----------
REQUEST URI : /opencart/upload/admin/index.php?route=sale/order/export&token=qbgdSEvsCNzww6WyYUunhDhMk6XqMm5q
MOD DETAILS:
   modFile   : E:\Xampp\htdocs\opencart\upload\vqmod/xml/irsfree_customers_orders_export_excel.xml
   id        : Export customer list and order list
   version   : 2.0
   vqmver    : 2.4.1
   author    : IRSSOFT
VQModObject::parseMods - Could not resolve path for [admin/language/english/default.php] (SKIPPED)
----------------------------------------------------------------------


---------- Date: 2015-12-10 06:40:12 ~ IP : 127.0.0.1 ----------
REQUEST URI : /opencart/upload/admin/index.php?route=sale/order/export&token=qbgdSEvsCNzww6WyYUunhDhMk6XqMm5q
MOD DETAILS:
   modFile   : E:\Xampp\htdocs\opencart\upload\vqmod/xml/irsfree_customers_orders_export_excel.xml
   id        : Export customer list and order list
   version   : 2.0
   vqmver    : 2.4.1
   author    : IRSSOFT
VQModObject::parseMods - Could not resolve path for [admin/language/english/default.php] (SKIPPED)
----------------------------------------------------------------------


---------- Date: 2015-12-10 06:40:43 ~ IP : 127.0.0.1 ----------
REQUEST URI : /opencart/upload/admin/index.php?route=sale/order/export&token=qbgdSEvsCNzww6WyYUunhDhMk6XqMm5q
MOD DETAILS:
   modFile   : E:\Xampp\htdocs\opencart\upload\vqmod/xml/irsfree_customers_orders_export_excel.xml
   id        : Export customer list and order list
   version   : 2.0
   vqmver    : 2.4.1
   author    : IRSSOFT
VQModObject::parseMods - Could not resolve path for [admin/language/english/default.php] (SKIPPED)
----------------------------------------------------------------------


---------- Date: 2015-12-10 06:42:31 ~ IP : 127.0.0.1 ----------
REQUEST URI : /opencart/upload/admin/index.php?route=sale/order/export&token=qbgdSEvsCNzww6WyYUunhDhMk6XqMm5q
MOD DETAILS:
   modFile   : E:\Xampp\htdocs\opencart\upload\vqmod/xml/irsfree_customers_orders_export_excel.xml
   id        : Export customer list and order list
   version   : 2.0
   vqmver    : 2.4.1
   author    : IRSSOFT
VQModObject::parseMods - Could not resolve path for [admin/language/english/default.php] (SKIPPED)
----------------------------------------------------------------------


---------- Date: 2015-12-10 06:45:25 ~ IP : 127.0.0.1 ----------
REQUEST URI : /opencart/upload/admin/index.php?route=sale/order/export&token=qbgdSEvsCNzww6WyYUunhDhMk6XqMm5q
MOD DETAILS:
   modFile   : E:\Xampp\htdocs\opencart\upload\vqmod/xml/irsfree_customers_orders_export_excel.xml
   id        : Export customer list and order list
   version   : 2.0
   vqmver    : 2.4.1
   author    : IRSSOFT
VQModObject::parseMods - Could not resolve path for [admin/language/english/default.php] (SKIPPED)
----------------------------------------------------------------------


---------- Date: 2015-12-10 06:45:40 ~ IP : 127.0.0.1 ----------
REQUEST URI : /opencart/upload/admin/index.php?route=sale/order/export&token=qbgdSEvsCNzww6WyYUunhDhMk6XqMm5q
MOD DETAILS:
   modFile   : E:\Xampp\htdocs\opencart\upload\vqmod/xml/irsfree_customers_orders_export_excel.xml
   id        : Export customer list and order list
   version   : 2.0
   vqmver    : 2.4.1
   author    : IRSSOFT
VQModObject::parseMods - Could not resolve path for [admin/language/english/default.php] (SKIPPED)
----------------------------------------------------------------------


---------- Date: 2015-12-10 06:46:57 ~ IP : 127.0.0.1 ----------
REQUEST URI : /opencart/upload/admin/index.php?route=sale/order/export&token=qbgdSEvsCNzww6WyYUunhDhMk6XqMm5q
MOD DETAILS:
   modFile   : E:\Xampp\htdocs\opencart\upload\vqmod/xml/irsfree_customers_orders_export_excel.xml
   id        : Export customer list and order list
   version   : 2.0
   vqmver    : 2.4.1
   author    : IRSSOFT
VQModObject::parseMods - Could not resolve path for [admin/language/english/default.php] (SKIPPED)
----------------------------------------------------------------------


---------- Date: 2015-12-10 06:48:20 ~ IP : 127.0.0.1 ----------
REQUEST URI : /opencart/upload/admin/index.php?route=sale/order/export&token=qbgdSEvsCNzww6WyYUunhDhMk6XqMm5q
MOD DETAILS:
   modFile   : E:\Xampp\htdocs\opencart\upload\vqmod/xml/irsfree_customers_orders_export_excel.xml
   id        : Export customer list and order list
   version   : 2.0
   vqmver    : 2.4.1
   author    : IRSSOFT
VQModObject::parseMods - Could not resolve path for [admin/language/english/default.php] (SKIPPED)
----------------------------------------------------------------------


---------- Date: 2015-12-10 06:48:43 ~ IP : 127.0.0.1 ----------
REQUEST URI : /opencart/upload/admin/index.php?route=sale/order/export&token=qbgdSEvsCNzww6WyYUunhDhMk6XqMm5q
MOD DETAILS:
   modFile   : E:\Xampp\htdocs\opencart\upload\vqmod/xml/irsfree_customers_orders_export_excel.xml
   id        : Export customer list and order list
   version   : 2.0
   vqmver    : 2.4.1
   author    : IRSSOFT
VQModObject::parseMods - Could not resolve path for [admin/language/english/default.php] (SKIPPED)
----------------------------------------------------------------------


---------- Date: 2015-12-10 06:49:39 ~ IP : 127.0.0.1 ----------
REQUEST URI : /opencart/upload/admin/index.php?route=sale/order/export&token=qbgdSEvsCNzww6WyYUunhDhMk6XqMm5q
MOD DETAILS:
   modFile   : E:\Xampp\htdocs\opencart\upload\vqmod/xml/irsfree_customers_orders_export_excel.xml
   id        : Export customer list and order list
   version   : 2.0
   vqmver    : 2.4.1
   author    : IRSSOFT
VQModObject::parseMods - Could not resolve path for [admin/language/english/default.php] (SKIPPED)
----------------------------------------------------------------------


---------- Date: 2015-12-10 06:50:13 ~ IP : 127.0.0.1 ----------
REQUEST URI : /opencart/upload/admin/index.php?route=sale/order/export&token=qbgdSEvsCNzww6WyYUunhDhMk6XqMm5q
MOD DETAILS:
   modFile   : E:\Xampp\htdocs\opencart\upload\vqmod/xml/irsfree_customers_orders_export_excel.xml
   id        : Export customer list and order list
   version   : 2.0
   vqmver    : 2.4.1
   author    : IRSSOFT
VQModObject::parseMods - Could not resolve path for [admin/language/english/default.php] (SKIPPED)
----------------------------------------------------------------------


---------- Date: 2015-12-10 06:51:05 ~ IP : 127.0.0.1 ----------
REQUEST URI : /opencart/upload/admin/index.php?route=sale/order/export&token=qbgdSEvsCNzww6WyYUunhDhMk6XqMm5q
MOD DETAILS:
   modFile   : E:\Xampp\htdocs\opencart\upload\vqmod/xml/irsfree_customers_orders_export_excel.xml
   id        : Export customer list and order list
   version   : 2.0
   vqmver    : 2.4.1
   author    : IRSSOFT
VQModObject::parseMods - Could not resolve path for [admin/language/english/default.php] (SKIPPED)
----------------------------------------------------------------------


---------- Date: 2015-12-10 06:53:03 ~ IP : 127.0.0.1 ----------
REQUEST URI : /opencart/upload/admin/index.php?route=sale/order/export&token=qbgdSEvsCNzww6WyYUunhDhMk6XqMm5q
MOD DETAILS:
   modFile   : E:\Xampp\htdocs\opencart\upload\vqmod/xml/irsfree_customers_orders_export_excel.xml
   id        : Export customer list and order list
   version   : 2.0
   vqmver    : 2.4.1
   author    : IRSSOFT
VQModObject::parseMods - Could not resolve path for [admin/language/english/default.php] (SKIPPED)
----------------------------------------------------------------------


---------- Date: 2015-12-10 06:54:30 ~ IP : 127.0.0.1 ----------
REQUEST URI : /opencart/upload/admin/index.php?route=sale/order/export&token=qbgdSEvsCNzww6WyYUunhDhMk6XqMm5q
MOD DETAILS:
   modFile   : E:\Xampp\htdocs\opencart\upload\vqmod/xml/irsfree_customers_orders_export_excel.xml
   id        : Export customer list and order list
   version   : 2.0
   vqmver    : 2.4.1
   author    : IRSSOFT
VQModObject::parseMods - Could not resolve path for [admin/language/english/default.php] (SKIPPED)
----------------------------------------------------------------------


---------- Date: 2015-12-10 06:54:49 ~ IP : 127.0.0.1 ----------
REQUEST URI : /opencart/upload/admin/index.php?route=sale/order/export&token=qbgdSEvsCNzww6WyYUunhDhMk6XqMm5q
MOD DETAILS:
   modFile   : E:\Xampp\htdocs\opencart\upload\vqmod/xml/irsfree_customers_orders_export_excel.xml
   id        : Export customer list and order list
   version   : 2.0
   vqmver    : 2.4.1
   author    : IRSSOFT
VQModObject::parseMods - Could not resolve path for [admin/language/english/default.php] (SKIPPED)
----------------------------------------------------------------------


---------- Date: 2015-12-10 06:55:02 ~ IP : 127.0.0.1 ----------
REQUEST URI : /opencart/upload/admin/index.php?route=sale/order/export&token=qbgdSEvsCNzww6WyYUunhDhMk6XqMm5q
MOD DETAILS:
   modFile   : E:\Xampp\htdocs\opencart\upload\vqmod/xml/irsfree_customers_orders_export_excel.xml
   id        : Export customer list and order list
   version   : 2.0
   vqmver    : 2.4.1
   author    : IRSSOFT
VQModObject::parseMods - Could not resolve path for [admin/language/english/default.php] (SKIPPED)
----------------------------------------------------------------------


---------- Date: 2015-12-10 06:56:15 ~ IP : 127.0.0.1 ----------
REQUEST URI : /opencart/upload/admin/index.php?route=sale/order/export&token=qbgdSEvsCNzww6WyYUunhDhMk6XqMm5q
MOD DETAILS:
   modFile   : E:\Xampp\htdocs\opencart\upload\vqmod/xml/irsfree_customers_orders_export_excel.xml
   id        : Export customer list and order list
   version   : 2.0
   vqmver    : 2.4.1
   author    : IRSSOFT
VQModObject::parseMods - Could not resolve path for [admin/language/english/default.php] (SKIPPED)
----------------------------------------------------------------------


---------- Date: 2015-12-10 06:58:57 ~ IP : 127.0.0.1 ----------
REQUEST URI : /opencart/upload/admin/index.php?route=sale/order/export&token=qbgdSEvsCNzww6WyYUunhDhMk6XqMm5q
MOD DETAILS:
   modFile   : E:\Xampp\htdocs\opencart\upload\vqmod/xml/irsfree_customers_orders_export_excel.xml
   id        : Export customer list and order list
   version   : 2.0
   vqmver    : 2.4.1
   author    : IRSSOFT
VQModObject::parseMods - Could not resolve path for [admin/language/english/default.php] (SKIPPED)
----------------------------------------------------------------------


---------- Date: 2015-12-10 06:59:22 ~ IP : 127.0.0.1 ----------
REQUEST URI : /opencart/upload/admin/index.php?route=sale/order/export&token=qbgdSEvsCNzww6WyYUunhDhMk6XqMm5q
MOD DETAILS:
   modFile   : E:\Xampp\htdocs\opencart\upload\vqmod/xml/irsfree_customers_orders_export_excel.xml
   id        : Export customer list and order list
   version   : 2.0
   vqmver    : 2.4.1
   author    : IRSSOFT
VQModObject::parseMods - Could not resolve path for [admin/language/english/default.php] (SKIPPED)
----------------------------------------------------------------------


---------- Date: 2015-12-10 07:00:04 ~ IP : 127.0.0.1 ----------
REQUEST URI : /opencart/upload/admin/index.php?route=sale/order/export&token=qbgdSEvsCNzww6WyYUunhDhMk6XqMm5q
MOD DETAILS:
   modFile   : E:\Xampp\htdocs\opencart\upload\vqmod/xml/irsfree_customers_orders_export_excel.xml
   id        : Export customer list and order list
   version   : 2.0
   vqmver    : 2.4.1
   author    : IRSSOFT
VQModObject::parseMods - Could not resolve path for [admin/language/english/default.php] (SKIPPED)
----------------------------------------------------------------------


---------- Date: 2015-12-10 07:02:40 ~ IP : 127.0.0.1 ----------
REQUEST URI : /opencart/upload/admin/index.php?route=sale/order/export&token=qbgdSEvsCNzww6WyYUunhDhMk6XqMm5q
MOD DETAILS:
   modFile   : E:\Xampp\htdocs\opencart\upload\vqmod/xml/irsfree_customers_orders_export_excel.xml
   id        : Export customer list and order list
   version   : 2.0
   vqmver    : 2.4.1
   author    : IRSSOFT
VQModObject::parseMods - Could not resolve path for [admin/language/english/default.php] (SKIPPED)
----------------------------------------------------------------------


---------- Date: 2015-12-10 07:03:29 ~ IP : 127.0.0.1 ----------
REQUEST URI : /opencart/upload/admin/index.php?route=sale/order/export&token=qbgdSEvsCNzww6WyYUunhDhMk6XqMm5q
MOD DETAILS:
   modFile   : E:\Xampp\htdocs\opencart\upload\vqmod/xml/irsfree_customers_orders_export_excel.xml
   id        : Export customer list and order list
   version   : 2.0
   vqmver    : 2.4.1
   author    : IRSSOFT
VQModObject::parseMods - Could not resolve path for [admin/language/english/default.php] (SKIPPED)
----------------------------------------------------------------------


---------- Date: 2015-12-10 07:07:52 ~ IP : 127.0.0.1 ----------
REQUEST URI : /opencart/upload/admin/index.php?route=sale/order/export&token=qbgdSEvsCNzww6WyYUunhDhMk6XqMm5q
MOD DETAILS:
   modFile   : E:\Xampp\htdocs\opencart\upload\vqmod/xml/irsfree_customers_orders_export_excel.xml
   id        : Export customer list and order list
   version   : 2.0
   vqmver    : 2.4.1
   author    : IRSSOFT
VQModObject::parseMods - Could not resolve path for [admin/language/english/default.php] (SKIPPED)
----------------------------------------------------------------------


---------- Date: 2015-12-10 07:14:18 ~ IP : 127.0.0.1 ----------
REQUEST URI : /opencart/upload/admin/index.php?route=sale/order/export&token=qbgdSEvsCNzww6WyYUunhDhMk6XqMm5q
MOD DETAILS:
   modFile   : E:\Xampp\htdocs\opencart\upload\vqmod/xml/irsfree_customers_orders_export_excel.xml
   id        : Export customer list and order list
   version   : 2.0
   vqmver    : 2.4.1
   author    : IRSSOFT
VQModObject::parseMods - Could not resolve path for [admin/language/english/default.php] (SKIPPED)
----------------------------------------------------------------------


---------- Date: 2015-12-10 07:14:31 ~ IP : 127.0.0.1 ----------
REQUEST URI : /opencart/upload/admin/index.php?route=sale/order/export&token=qbgdSEvsCNzww6WyYUunhDhMk6XqMm5q
MOD DETAILS:
   modFile   : E:\Xampp\htdocs\opencart\upload\vqmod/xml/irsfree_customers_orders_export_excel.xml
   id        : Export customer list and order list
   version   : 2.0
   vqmver    : 2.4.1
   author    : IRSSOFT
VQModObject::parseMods - Could not resolve path for [admin/language/english/default.php] (SKIPPED)
----------------------------------------------------------------------


---------- Date: 2015-12-10 07:16:48 ~ IP : 127.0.0.1 ----------
REQUEST URI : /opencart/upload/admin/index.php?route=sale/order/export&token=qbgdSEvsCNzww6WyYUunhDhMk6XqMm5q
MOD DETAILS:
   modFile   : E:\Xampp\htdocs\opencart\upload\vqmod/xml/irsfree_customers_orders_export_excel.xml
   id        : Export customer list and order list
   version   : 2.0
   vqmver    : 2.4.1
   author    : IRSSOFT
VQModObject::parseMods - Could not resolve path for [admin/language/english/default.php] (SKIPPED)
----------------------------------------------------------------------


---------- Date: 2015-12-10 07:18:38 ~ IP : 127.0.0.1 ----------
REQUEST URI : /opencart/upload/admin/index.php?route=sale/order/export&token=qbgdSEvsCNzww6WyYUunhDhMk6XqMm5q
MOD DETAILS:
   modFile   : E:\Xampp\htdocs\opencart\upload\vqmod/xml/irsfree_customers_orders_export_excel.xml
   id        : Export customer list and order list
   version   : 2.0
   vqmver    : 2.4.1
   author    : IRSSOFT
VQModObject::parseMods - Could not resolve path for [admin/language/english/default.php] (SKIPPED)
----------------------------------------------------------------------


---------- Date: 2015-12-10 07:19:11 ~ IP : 127.0.0.1 ----------
REQUEST URI : /opencart/upload/admin/index.php?route=sale/order/export&token=qbgdSEvsCNzww6WyYUunhDhMk6XqMm5q
MOD DETAILS:
   modFile   : E:\Xampp\htdocs\opencart\upload\vqmod/xml/irsfree_customers_orders_export_excel.xml
   id        : Export customer list and order list
   version   : 2.0
   vqmver    : 2.4.1
   author    : IRSSOFT
VQModObject::parseMods - Could not resolve path for [admin/language/english/default.php] (SKIPPED)
----------------------------------------------------------------------


---------- Date: 2015-12-10 07:20:35 ~ IP : 127.0.0.1 ----------
REQUEST URI : /opencart/upload/admin/index.php?route=sale/order/export&token=qbgdSEvsCNzww6WyYUunhDhMk6XqMm5q
MOD DETAILS:
   modFile   : E:\Xampp\htdocs\opencart\upload\vqmod/xml/irsfree_customers_orders_export_excel.xml
   id        : Export customer list and order list
   version   : 2.0
   vqmver    : 2.4.1
   author    : IRSSOFT
VQModObject::parseMods - Could not resolve path for [admin/language/english/default.php] (SKIPPED)
----------------------------------------------------------------------


---------- Date: 2015-12-10 07:21:38 ~ IP : 127.0.0.1 ----------
REQUEST URI : /opencart/upload/admin/index.php?route=sale/order/export&token=qbgdSEvsCNzww6WyYUunhDhMk6XqMm5q
MOD DETAILS:
   modFile   : E:\Xampp\htdocs\opencart\upload\vqmod/xml/irsfree_customers_orders_export_excel.xml
   id        : Export customer list and order list
   version   : 2.0
   vqmver    : 2.4.1
   author    : IRSSOFT
VQModObject::parseMods - Could not resolve path for [admin/language/english/default.php] (SKIPPED)
----------------------------------------------------------------------


---------- Date: 2015-12-10 07:23:20 ~ IP : 127.0.0.1 ----------
REQUEST URI : /opencart/upload/admin/index.php?route=sale/order/export&token=qbgdSEvsCNzww6WyYUunhDhMk6XqMm5q
MOD DETAILS:
   modFile   : E:\Xampp\htdocs\opencart\upload\vqmod/xml/irsfree_customers_orders_export_excel.xml
   id        : Export customer list and order list
   version   : 2.0
   vqmver    : 2.4.1
   author    : IRSSOFT
VQModObject::parseMods - Could not resolve path for [admin/language/english/default.php] (SKIPPED)
----------------------------------------------------------------------


---------- Date: 2015-12-10 07:25:24 ~ IP : 127.0.0.1 ----------
REQUEST URI : /opencart/upload/admin/index.php?route=sale/order/export&token=qbgdSEvsCNzww6WyYUunhDhMk6XqMm5q
MOD DETAILS:
   modFile   : E:\Xampp\htdocs\opencart\upload\vqmod/xml/irsfree_customers_orders_export_excel.xml
   id        : Export customer list and order list
   version   : 2.0
   vqmver    : 2.4.1
   author    : IRSSOFT
VQModObject::parseMods - Could not resolve path for [admin/language/english/default.php] (SKIPPED)
----------------------------------------------------------------------


---------- Date: 2015-12-10 07:31:53 ~ IP : 127.0.0.1 ----------
REQUEST URI : /opencart/upload/admin/index.php?route=sale/order/export&token=qbgdSEvsCNzww6WyYUunhDhMk6XqMm5q
MOD DETAILS:
   modFile   : E:\Xampp\htdocs\opencart\upload\vqmod/xml/irsfree_customers_orders_export_excel.xml
   id        : Export customer list and order list
   version   : 2.0
   vqmver    : 2.4.1
   author    : IRSSOFT
VQModObject::parseMods - Could not resolve path for [admin/language/english/default.php] (SKIPPED)
----------------------------------------------------------------------


---------- Date: 2015-12-10 07:32:47 ~ IP : 127.0.0.1 ----------
REQUEST URI : /opencart/upload/admin/index.php?route=sale/order/export&token=qbgdSEvsCNzww6WyYUunhDhMk6XqMm5q
MOD DETAILS:
   modFile   : E:\Xampp\htdocs\opencart\upload\vqmod/xml/irsfree_customers_orders_export_excel.xml
   id        : Export customer list and order list
   version   : 2.0
   vqmver    : 2.4.1
   author    : IRSSOFT
VQModObject::parseMods - Could not resolve path for [admin/language/english/default.php] (SKIPPED)
----------------------------------------------------------------------


---------- Date: 2015-12-10 07:32:57 ~ IP : 127.0.0.1 ----------
REQUEST URI : /opencart/upload/admin/index.php?route=sale/order/export&token=qbgdSEvsCNzww6WyYUunhDhMk6XqMm5q
MOD DETAILS:
   modFile   : E:\Xampp\htdocs\opencart\upload\vqmod/xml/irsfree_customers_orders_export_excel.xml
   id        : Export customer list and order list
   version   : 2.0
   vqmver    : 2.4.1
   author    : IRSSOFT
VQModObject::parseMods - Could not resolve path for [admin/language/english/default.php] (SKIPPED)
----------------------------------------------------------------------


---------- Date: 2015-12-10 07:35:13 ~ IP : 127.0.0.1 ----------
REQUEST URI : /opencart/upload/admin/index.php?route=sale/order/export&token=qbgdSEvsCNzww6WyYUunhDhMk6XqMm5q
MOD DETAILS:
   modFile   : E:\Xampp\htdocs\opencart\upload\vqmod/xml/irsfree_customers_orders_export_excel.xml
   id        : Export customer list and order list
   version   : 2.0
   vqmver    : 2.4.1
   author    : IRSSOFT
VQModObject::parseMods - Could not resolve path for [admin/language/english/default.php] (SKIPPED)
----------------------------------------------------------------------


---------- Date: 2015-12-10 07:38:26 ~ IP : 127.0.0.1 ----------
REQUEST URI : /opencart/upload/admin/index.php?route=sale/order/export&token=qbgdSEvsCNzww6WyYUunhDhMk6XqMm5q
MOD DETAILS:
   modFile   : E:\Xampp\htdocs\opencart\upload\vqmod/xml/irsfree_customers_orders_export_excel.xml
   id        : Export customer list and order list
   version   : 2.0
   vqmver    : 2.4.1
   author    : IRSSOFT
VQModObject::parseMods - Could not resolve path for [admin/language/english/default.php] (SKIPPED)
----------------------------------------------------------------------


---------- Date: 2015-12-10 07:39:50 ~ IP : 127.0.0.1 ----------
REQUEST URI : /opencart/upload/admin/index.php?route=sale/order/export&token=qbgdSEvsCNzww6WyYUunhDhMk6XqMm5q
MOD DETAILS:
   modFile   : E:\Xampp\htdocs\opencart\upload\vqmod/xml/irsfree_customers_orders_export_excel.xml
   id        : Export customer list and order list
   version   : 2.0
   vqmver    : 2.4.1
   author    : IRSSOFT
VQModObject::parseMods - Could not resolve path for [admin/language/english/default.php] (SKIPPED)
----------------------------------------------------------------------


---------- Date: 2015-12-10 07:40:28 ~ IP : 127.0.0.1 ----------
REQUEST URI : /opencart/upload/admin/index.php?route=sale/order/export&token=qbgdSEvsCNzww6WyYUunhDhMk6XqMm5q
MOD DETAILS:
   modFile   : E:\Xampp\htdocs\opencart\upload\vqmod/xml/irsfree_customers_orders_export_excel.xml
   id        : Export customer list and order list
   version   : 2.0
   vqmver    : 2.4.1
   author    : IRSSOFT
VQModObject::parseMods - Could not resolve path for [admin/language/english/default.php] (SKIPPED)
----------------------------------------------------------------------


---------- Date: 2015-12-10 07:41:17 ~ IP : 127.0.0.1 ----------
REQUEST URI : /opencart/upload/admin/index.php?route=sale/order/export&token=qbgdSEvsCNzww6WyYUunhDhMk6XqMm5q
MOD DETAILS:
   modFile   : E:\Xampp\htdocs\opencart\upload\vqmod/xml/irsfree_customers_orders_export_excel.xml
   id        : Export customer list and order list
   version   : 2.0
   vqmver    : 2.4.1
   author    : IRSSOFT
VQModObject::parseMods - Could not resolve path for [admin/language/english/default.php] (SKIPPED)
----------------------------------------------------------------------


---------- Date: 2015-12-10 07:43:24 ~ IP : 127.0.0.1 ----------
REQUEST URI : /opencart/upload/admin/index.php?route=sale/order/export&token=qbgdSEvsCNzww6WyYUunhDhMk6XqMm5q
MOD DETAILS:
   modFile   : E:\Xampp\htdocs\opencart\upload\vqmod/xml/irsfree_customers_orders_export_excel.xml
   id        : Export customer list and order list
   version   : 2.0
   vqmver    : 2.4.1
   author    : IRSSOFT
VQModObject::parseMods - Could not resolve path for [admin/language/english/default.php] (SKIPPED)
----------------------------------------------------------------------


---------- Date: 2015-12-10 07:48:42 ~ IP : 127.0.0.1 ----------
REQUEST URI : /opencart/upload/admin/index.php?route=sale/order/export&token=qbgdSEvsCNzww6WyYUunhDhMk6XqMm5q
MOD DETAILS:
   modFile   : E:\Xampp\htdocs\opencart\upload\vqmod/xml/irsfree_customers_orders_export_excel.xml
   id        : Export customer list and order list
   version   : 2.0
   vqmver    : 2.4.1
   author    : IRSSOFT
VQModObject::parseMods - Could not resolve path for [admin/language/english/default.php] (SKIPPED)
----------------------------------------------------------------------


---------- Date: 2015-12-10 07:48:53 ~ IP : 127.0.0.1 ----------
REQUEST URI : /opencart/upload/admin/index.php?route=sale/order/export&token=qbgdSEvsCNzww6WyYUunhDhMk6XqMm5q
MOD DETAILS:
   modFile   : E:\Xampp\htdocs\opencart\upload\vqmod/xml/irsfree_customers_orders_export_excel.xml
   id        : Export customer list and order list
   version   : 2.0
   vqmver    : 2.4.1
   author    : IRSSOFT
VQModObject::parseMods - Could not resolve path for [admin/language/english/default.php] (SKIPPED)
----------------------------------------------------------------------


---------- Date: 2015-12-10 07:54:28 ~ IP : 127.0.0.1 ----------
REQUEST URI : /opencart/upload/admin/index.php?route=sale/order/export&token=qbgdSEvsCNzww6WyYUunhDhMk6XqMm5q
MOD DETAILS:
   modFile   : E:\Xampp\htdocs\opencart\upload\vqmod/xml/irsfree_customers_orders_export_excel.xml
   id        : Export customer list and order list
   version   : 2.0
   vqmver    : 2.4.1
   author    : IRSSOFT
VQModObject::parseMods - Could not resolve path for [admin/language/english/default.php] (SKIPPED)
----------------------------------------------------------------------


---------- Date: 2015-12-10 07:55:19 ~ IP : 127.0.0.1 ----------
REQUEST URI : /opencart/upload/admin/index.php?route=sale/order/export&token=qbgdSEvsCNzww6WyYUunhDhMk6XqMm5q
MOD DETAILS:
   modFile   : E:\Xampp\htdocs\opencart\upload\vqmod/xml/irsfree_customers_orders_export_excel.xml
   id        : Export customer list and order list
   version   : 2.0
   vqmver    : 2.4.1
   author    : IRSSOFT
VQModObject::parseMods - Could not resolve path for [admin/language/english/default.php] (SKIPPED)
----------------------------------------------------------------------


---------- Date: 2015-12-10 07:56:23 ~ IP : 127.0.0.1 ----------
REQUEST URI : /opencart/upload/admin/index.php?route=sale/order/export&token=qbgdSEvsCNzww6WyYUunhDhMk6XqMm5q
MOD DETAILS:
   modFile   : E:\Xampp\htdocs\opencart\upload\vqmod/xml/irsfree_customers_orders_export_excel.xml
   id        : Export customer list and order list
   version   : 2.0
   vqmver    : 2.4.1
   author    : IRSSOFT
VQModObject::parseMods - Could not resolve path for [admin/language/english/default.php] (SKIPPED)
----------------------------------------------------------------------


---------- Date: 2015-12-10 07:56:40 ~ IP : 127.0.0.1 ----------
REQUEST URI : /opencart/upload/admin/index.php?route=sale/order/export&token=qbgdSEvsCNzww6WyYUunhDhMk6XqMm5q
MOD DETAILS:
   modFile   : E:\Xampp\htdocs\opencart\upload\vqmod/xml/irsfree_customers_orders_export_excel.xml
   id        : Export customer list and order list
   version   : 2.0
   vqmver    : 2.4.1
   author    : IRSSOFT
VQModObject::parseMods - Could not resolve path for [admin/language/english/default.php] (SKIPPED)
----------------------------------------------------------------------


---------- Date: 2015-12-10 07:57:02 ~ IP : 127.0.0.1 ----------
REQUEST URI : /opencart/upload/admin/index.php?route=sale/order/export&token=qbgdSEvsCNzww6WyYUunhDhMk6XqMm5q
MOD DETAILS:
   modFile   : E:\Xampp\htdocs\opencart\upload\vqmod/xml/irsfree_customers_orders_export_excel.xml
   id        : Export customer list and order list
   version   : 2.0
   vqmver    : 2.4.1
   author    : IRSSOFT
VQModObject::parseMods - Could not resolve path for [admin/language/english/default.php] (SKIPPED)
----------------------------------------------------------------------


---------- Date: 2015-12-10 07:57:33 ~ IP : 127.0.0.1 ----------
REQUEST URI : /opencart/upload/admin/index.php?route=sale/order/export&token=qbgdSEvsCNzww6WyYUunhDhMk6XqMm5q
MOD DETAILS:
   modFile   : E:\Xampp\htdocs\opencart\upload\vqmod/xml/irsfree_customers_orders_export_excel.xml
   id        : Export customer list and order list
   version   : 2.0
   vqmver    : 2.4.1
   author    : IRSSOFT
VQModObject::parseMods - Could not resolve path for [admin/language/english/default.php] (SKIPPED)
----------------------------------------------------------------------


---------- Date: 2015-12-10 08:00:08 ~ IP : 127.0.0.1 ----------
REQUEST URI : /opencart/upload/admin/index.php?route=sale/order/export&token=qbgdSEvsCNzww6WyYUunhDhMk6XqMm5q
MOD DETAILS:
   modFile   : E:\Xampp\htdocs\opencart\upload\vqmod/xml/irsfree_customers_orders_export_excel.xml
   id        : Export customer list and order list
   version   : 2.0
   vqmver    : 2.4.1
   author    : IRSSOFT
VQModObject::parseMods - Could not resolve path for [admin/language/english/default.php] (SKIPPED)
----------------------------------------------------------------------


---------- Date: 2015-12-10 08:00:26 ~ IP : 127.0.0.1 ----------
REQUEST URI : /opencart/upload/admin/index.php?route=sale/order/export&token=qbgdSEvsCNzww6WyYUunhDhMk6XqMm5q
MOD DETAILS:
   modFile   : E:\Xampp\htdocs\opencart\upload\vqmod/xml/irsfree_customers_orders_export_excel.xml
   id        : Export customer list and order list
   version   : 2.0
   vqmver    : 2.4.1
   author    : IRSSOFT
VQModObject::parseMods - Could not resolve path for [admin/language/english/default.php] (SKIPPED)
----------------------------------------------------------------------


---------- Date: 2015-12-10 08:01:03 ~ IP : 127.0.0.1 ----------
REQUEST URI : /opencart/upload/admin/index.php?route=sale/order/export&token=qbgdSEvsCNzww6WyYUunhDhMk6XqMm5q
MOD DETAILS:
   modFile   : E:\Xampp\htdocs\opencart\upload\vqmod/xml/irsfree_customers_orders_export_excel.xml
   id        : Export customer list and order list
   version   : 2.0
   vqmver    : 2.4.1
   author    : IRSSOFT
VQModObject::parseMods - Could not resolve path for [admin/language/english/default.php] (SKIPPED)
----------------------------------------------------------------------


---------- Date: 2015-12-10 08:01:37 ~ IP : 127.0.0.1 ----------
REQUEST URI : /opencart/upload/admin/index.php?route=sale/order/export&token=qbgdSEvsCNzww6WyYUunhDhMk6XqMm5q
MOD DETAILS:
   modFile   : E:\Xampp\htdocs\opencart\upload\vqmod/xml/irsfree_customers_orders_export_excel.xml
   id        : Export customer list and order list
   version   : 2.0
   vqmver    : 2.4.1
   author    : IRSSOFT
VQModObject::parseMods - Could not resolve path for [admin/language/english/default.php] (SKIPPED)
----------------------------------------------------------------------


---------- Date: 2015-12-10 08:01:45 ~ IP : 127.0.0.1 ----------
REQUEST URI : /opencart/upload/admin/index.php?route=sale/order/export&token=qbgdSEvsCNzww6WyYUunhDhMk6XqMm5q
MOD DETAILS:
   modFile   : E:\Xampp\htdocs\opencart\upload\vqmod/xml/irsfree_customers_orders_export_excel.xml
   id        : Export customer list and order list
   version   : 2.0
   vqmver    : 2.4.1
   author    : IRSSOFT
VQModObject::parseMods - Could not resolve path for [admin/language/english/default.php] (SKIPPED)
----------------------------------------------------------------------


---------- Date: 2015-12-10 08:02:19 ~ IP : 127.0.0.1 ----------
REQUEST URI : /opencart/upload/admin/index.php?route=sale/order/export&token=qbgdSEvsCNzww6WyYUunhDhMk6XqMm5q
MOD DETAILS:
   modFile   : E:\Xampp\htdocs\opencart\upload\vqmod/xml/irsfree_customers_orders_export_excel.xml
   id        : Export customer list and order list
   version   : 2.0
   vqmver    : 2.4.1
   author    : IRSSOFT
VQModObject::parseMods - Could not resolve path for [admin/language/english/default.php] (SKIPPED)
----------------------------------------------------------------------


---------- Date: 2015-12-10 08:03:12 ~ IP : 127.0.0.1 ----------
REQUEST URI : /opencart/upload/admin/index.php?route=sale/order/export&token=qbgdSEvsCNzww6WyYUunhDhMk6XqMm5q
MOD DETAILS:
   modFile   : E:\Xampp\htdocs\opencart\upload\vqmod/xml/irsfree_customers_orders_export_excel.xml
   id        : Export customer list and order list
   version   : 2.0
   vqmver    : 2.4.1
   author    : IRSSOFT
VQModObject::parseMods - Could not resolve path for [admin/language/english/default.php] (SKIPPED)
----------------------------------------------------------------------


---------- Date: 2015-12-10 08:03:55 ~ IP : 127.0.0.1 ----------
REQUEST URI : /opencart/upload/admin/index.php?route=sale/order/export&token=qbgdSEvsCNzww6WyYUunhDhMk6XqMm5q
MOD DETAILS:
   modFile   : E:\Xampp\htdocs\opencart\upload\vqmod/xml/irsfree_customers_orders_export_excel.xml
   id        : Export customer list and order list
   version   : 2.0
   vqmver    : 2.4.1
   author    : IRSSOFT
VQModObject::parseMods - Could not resolve path for [admin/language/english/default.php] (SKIPPED)
----------------------------------------------------------------------


---------- Date: 2015-12-10 08:05:02 ~ IP : 127.0.0.1 ----------
REQUEST URI : /opencart/upload/admin/index.php?route=sale/order/export&token=qbgdSEvsCNzww6WyYUunhDhMk6XqMm5q
MOD DETAILS:
   modFile   : E:\Xampp\htdocs\opencart\upload\vqmod/xml/irsfree_customers_orders_export_excel.xml
   id        : Export customer list and order list
   version   : 2.0
   vqmver    : 2.4.1
   author    : IRSSOFT
VQModObject::parseMods - Could not resolve path for [admin/language/english/default.php] (SKIPPED)
----------------------------------------------------------------------


---------- Date: 2015-12-10 08:11:25 ~ IP : 127.0.0.1 ----------
REQUEST URI : /opencart/upload/admin/index.php?route=sale/order/export&token=qbgdSEvsCNzww6WyYUunhDhMk6XqMm5q
MOD DETAILS:
   modFile   : E:\Xampp\htdocs\opencart\upload\vqmod/xml/irsfree_customers_orders_export_excel.xml
   id        : Export customer list and order list
   version   : 2.0
   vqmver    : 2.4.1
   author    : IRSSOFT
VQModObject::parseMods - Could not resolve path for [admin/language/english/default.php] (SKIPPED)
----------------------------------------------------------------------


---------- Date: 2015-12-10 08:13:23 ~ IP : 127.0.0.1 ----------
REQUEST URI : /opencart/upload/admin/index.php?route=sale/order/export&token=qbgdSEvsCNzww6WyYUunhDhMk6XqMm5q
MOD DETAILS:
   modFile   : E:\Xampp\htdocs\opencart\upload\vqmod/xml/irsfree_customers_orders_export_excel.xml
   id        : Export customer list and order list
   version   : 2.0
   vqmver    : 2.4.1
   author    : IRSSOFT
VQModObject::parseMods - Could not resolve path for [admin/language/english/default.php] (SKIPPED)
----------------------------------------------------------------------


---------- Date: 2015-12-10 08:13:36 ~ IP : 127.0.0.1 ----------
REQUEST URI : /opencart/upload/admin/index.php?route=sale/order/export&token=qbgdSEvsCNzww6WyYUunhDhMk6XqMm5q
MOD DETAILS:
   modFile   : E:\Xampp\htdocs\opencart\upload\vqmod/xml/irsfree_customers_orders_export_excel.xml
   id        : Export customer list and order list
   version   : 2.0
   vqmver    : 2.4.1
   author    : IRSSOFT
VQModObject::parseMods - Could not resolve path for [admin/language/english/default.php] (SKIPPED)
----------------------------------------------------------------------


---------- Date: 2015-12-10 08:14:14 ~ IP : 127.0.0.1 ----------
REQUEST URI : /opencart/upload/admin/index.php?route=sale/order/export&token=qbgdSEvsCNzww6WyYUunhDhMk6XqMm5q
MOD DETAILS:
   modFile   : E:\Xampp\htdocs\opencart\upload\vqmod/xml/irsfree_customers_orders_export_excel.xml
   id        : Export customer list and order list
   version   : 2.0
   vqmver    : 2.4.1
   author    : IRSSOFT
VQModObject::parseMods - Could not resolve path for [admin/language/english/default.php] (SKIPPED)
----------------------------------------------------------------------


---------- Date: 2015-12-10 08:16:44 ~ IP : 127.0.0.1 ----------
REQUEST URI : /opencart/upload/admin/index.php?route=sale/order/export&token=qbgdSEvsCNzww6WyYUunhDhMk6XqMm5q
MOD DETAILS:
   modFile   : E:\Xampp\htdocs\opencart\upload\vqmod/xml/irsfree_customers_orders_export_excel.xml
   id        : Export customer list and order list
   version   : 2.0
   vqmver    : 2.4.1
   author    : IRSSOFT
VQModObject::parseMods - Could not resolve path for [admin/language/english/default.php] (SKIPPED)
----------------------------------------------------------------------


---------- Date: 2015-12-10 08:19:01 ~ IP : 127.0.0.1 ----------
REQUEST URI : /opencart/upload/admin/index.php?route=sale/order/export&token=qbgdSEvsCNzww6WyYUunhDhMk6XqMm5q
MOD DETAILS:
   modFile   : E:\Xampp\htdocs\opencart\upload\vqmod/xml/irsfree_customers_orders_export_excel.xml
   id        : Export customer list and order list
   version   : 2.0
   vqmver    : 2.4.1
   author    : IRSSOFT
VQModObject::parseMods - Could not resolve path for [admin/language/english/default.php] (SKIPPED)
----------------------------------------------------------------------


---------- Date: 2015-12-10 08:19:42 ~ IP : 127.0.0.1 ----------
REQUEST URI : /opencart/upload/admin/index.php?route=sale/order/export&token=qbgdSEvsCNzww6WyYUunhDhMk6XqMm5q
MOD DETAILS:
   modFile   : E:\Xampp\htdocs\opencart\upload\vqmod/xml/irsfree_customers_orders_export_excel.xml
   id        : Export customer list and order list
   version   : 2.0
   vqmver    : 2.4.1
   author    : IRSSOFT
VQModObject::parseMods - Could not resolve path for [admin/language/english/default.php] (SKIPPED)
----------------------------------------------------------------------


---------- Date: 2015-12-10 08:20:53 ~ IP : 127.0.0.1 ----------
REQUEST URI : /opencart/upload/admin/index.php?route=sale/order/export&token=qbgdSEvsCNzww6WyYUunhDhMk6XqMm5q
MOD DETAILS:
   modFile   : E:\Xampp\htdocs\opencart\upload\vqmod/xml/irsfree_customers_orders_export_excel.xml
   id        : Export customer list and order list
   version   : 2.0
   vqmver    : 2.4.1
   author    : IRSSOFT
VQModObject::parseMods - Could not resolve path for [admin/language/english/default.php] (SKIPPED)
----------------------------------------------------------------------


---------- Date: 2015-12-10 08:22:40 ~ IP : 127.0.0.1 ----------
REQUEST URI : /opencart/upload/admin/index.php?route=sale/order/export&token=qbgdSEvsCNzww6WyYUunhDhMk6XqMm5q
MOD DETAILS:
   modFile   : E:\Xampp\htdocs\opencart\upload\vqmod/xml/irsfree_customers_orders_export_excel.xml
   id        : Export customer list and order list
   version   : 2.0
   vqmver    : 2.4.1
   author    : IRSSOFT
VQModObject::parseMods - Could not resolve path for [admin/language/english/default.php] (SKIPPED)
----------------------------------------------------------------------


---------- Date: 2015-12-10 08:22:54 ~ IP : 127.0.0.1 ----------
REQUEST URI : /opencart/upload/admin/index.php?route=sale/order/export&token=qbgdSEvsCNzww6WyYUunhDhMk6XqMm5q
MOD DETAILS:
   modFile   : E:\Xampp\htdocs\opencart\upload\vqmod/xml/irsfree_customers_orders_export_excel.xml
   id        : Export customer list and order list
   version   : 2.0
   vqmver    : 2.4.1
   author    : IRSSOFT
VQModObject::parseMods - Could not resolve path for [admin/language/english/default.php] (SKIPPED)
----------------------------------------------------------------------


---------- Date: 2015-12-10 08:23:24 ~ IP : 127.0.0.1 ----------
REQUEST URI : /opencart/upload/admin/index.php?route=sale/order/export&token=qbgdSEvsCNzww6WyYUunhDhMk6XqMm5q
MOD DETAILS:
   modFile   : E:\Xampp\htdocs\opencart\upload\vqmod/xml/irsfree_customers_orders_export_excel.xml
   id        : Export customer list and order list
   version   : 2.0
   vqmver    : 2.4.1
   author    : IRSSOFT
VQModObject::parseMods - Could not resolve path for [admin/language/english/default.php] (SKIPPED)
----------------------------------------------------------------------


---------- Date: 2015-12-10 08:26:29 ~ IP : 127.0.0.1 ----------
REQUEST URI : /opencart/upload/admin/index.php?route=sale/order/export&token=qbgdSEvsCNzww6WyYUunhDhMk6XqMm5q
MOD DETAILS:
   modFile   : E:\Xampp\htdocs\opencart\upload\vqmod/xml/irsfree_customers_orders_export_excel.xml
   id        : Export customer list and order list
   version   : 2.0
   vqmver    : 2.4.1
   author    : IRSSOFT
VQModObject::parseMods - Could not resolve path for [admin/language/english/default.php] (SKIPPED)
----------------------------------------------------------------------


---------- Date: 2015-12-10 08:29:21 ~ IP : 127.0.0.1 ----------
REQUEST URI : /opencart/upload/admin/index.php?route=sale/order&token=qbgdSEvsCNzww6WyYUunhDhMk6XqMm5q
MOD DETAILS:
   modFile   : E:\Xampp\htdocs\opencart\upload\vqmod/xml/irsfree_customers_orders_export_excel.xml
   id        : Export customer list and order list
   version   : 2.0
   vqmver    : 2.4.1
   author    : IRSSOFT
VQModObject::parseMods - Could not resolve path for [admin/language/english/default.php] (SKIPPED)
----------------------------------------------------------------------


---------- Date: 2015-12-10 08:38:14 ~ IP : 127.0.0.1 ----------
REQUEST URI : /opencart/upload/admin/index.php?route=sale/order&token=qbgdSEvsCNzww6WyYUunhDhMk6XqMm5q
MOD DETAILS:
   modFile   : E:\Xampp\htdocs\opencart\upload\vqmod/xml/irsfree_customers_orders_export_excel.xml
   id        : Export customer list and order list
   version   : 2.0
   vqmver    : 2.4.1
   author    : IRSSOFT
VQModObject::parseMods - Could not resolve path for [admin/language/english/default.php] (SKIPPED)
----------------------------------------------------------------------


---------- Date: 2015-12-10 08:55:20 ~ IP : 127.0.0.1 ----------
REQUEST URI : /opencart/upload/admin/index.php?route=sale/order/export&token=qbgdSEvsCNzww6WyYUunhDhMk6XqMm5q
MOD DETAILS:
   modFile   : E:\Xampp\htdocs\opencart\upload\vqmod/xml/irsfree_customers_orders_export_excel.xml
   id        : Export customer list and order list
   version   : 2.0
   vqmver    : 2.4.1
   author    : IRSSOFT
VQModObject::parseMods - Could not resolve path for [admin/language/english/default.php] (SKIPPED)
----------------------------------------------------------------------


---------- Date: 2015-12-10 08:55:37 ~ IP : 127.0.0.1 ----------
REQUEST URI : /opencart/upload/admin/index.php?route=sale/order/export&token=qbgdSEvsCNzww6WyYUunhDhMk6XqMm5q
MOD DETAILS:
   modFile   : E:\Xampp\htdocs\opencart\upload\vqmod/xml/irsfree_customers_orders_export_excel.xml
   id        : Export customer list and order list
   version   : 2.0
   vqmver    : 2.4.1
   author    : IRSSOFT
VQModObject::parseMods - Could not resolve path for [admin/language/english/default.php] (SKIPPED)
----------------------------------------------------------------------


---------- Date: 2015-12-10 09:01:23 ~ IP : 127.0.0.1 ----------
REQUEST URI : /opencart/upload/admin/index.php?route=sale/order/export&token=qbgdSEvsCNzww6WyYUunhDhMk6XqMm5q
MOD DETAILS:
   modFile   : E:\Xampp\htdocs\opencart\upload\vqmod/xml/irsfree_customers_orders_export_excel.xml
   id        : Export customer list and order list
   version   : 2.0
   vqmver    : 2.4.1
   author    : IRSSOFT
VQModObject::parseMods - Could not resolve path for [admin/language/english/default.php] (SKIPPED)
----------------------------------------------------------------------


---------- Date: 2015-12-10 09:01:40 ~ IP : 127.0.0.1 ----------
REQUEST URI : /opencart/upload/admin/index.php?route=sale/order/export&token=qbgdSEvsCNzww6WyYUunhDhMk6XqMm5q
MOD DETAILS:
   modFile   : E:\Xampp\htdocs\opencart\upload\vqmod/xml/irsfree_customers_orders_export_excel.xml
   id        : Export customer list and order list
   version   : 2.0
   vqmver    : 2.4.1
   author    : IRSSOFT
VQModObject::parseMods - Could not resolve path for [admin/language/english/default.php] (SKIPPED)
----------------------------------------------------------------------


---------- Date: 2015-12-10 09:09:53 ~ IP : 127.0.0.1 ----------
REQUEST URI : /opencart/upload/admin/index.php?route=sale/order/export&token=qbgdSEvsCNzww6WyYUunhDhMk6XqMm5q
MOD DETAILS:
   modFile   : E:\Xampp\htdocs\opencart\upload\vqmod/xml/irsfree_customers_orders_export_excel.xml
   id        : Export customer list and order list
   version   : 2.0
   vqmver    : 2.4.1
   author    : IRSSOFT
VQModObject::parseMods - Could not resolve path for [admin/language/english/default.php] (SKIPPED)
----------------------------------------------------------------------


---------- Date: 2015-12-10 09:10:11 ~ IP : 127.0.0.1 ----------
REQUEST URI : /opencart/upload/admin/index.php?route=sale/order/export&token=qbgdSEvsCNzww6WyYUunhDhMk6XqMm5q
MOD DETAILS:
   modFile   : E:\Xampp\htdocs\opencart\upload\vqmod/xml/irsfree_customers_orders_export_excel.xml
   id        : Export customer list and order list
   version   : 2.0
   vqmver    : 2.4.1
   author    : IRSSOFT
VQModObject::parseMods - Could not resolve path for [admin/language/english/default.php] (SKIPPED)
----------------------------------------------------------------------


---------- Date: 2015-12-10 09:15:03 ~ IP : 127.0.0.1 ----------
REQUEST URI : /opencart/upload/admin/index.php?route=sale/order/export&token=qbgdSEvsCNzww6WyYUunhDhMk6XqMm5q
MOD DETAILS:
   modFile   : E:\Xampp\htdocs\opencart\upload\vqmod/xml/irsfree_customers_orders_export_excel.xml
   id        : Export customer list and order list
   version   : 2.0
   vqmver    : 2.4.1
   author    : IRSSOFT
VQModObject::parseMods - Could not resolve path for [admin/language/english/default.php] (SKIPPED)
----------------------------------------------------------------------


---------- Date: 2015-12-10 09:23:12 ~ IP : 127.0.0.1 ----------
REQUEST URI : /opencart/upload/admin/index.php?route=sale/order/export&token=qbgdSEvsCNzww6WyYUunhDhMk6XqMm5q
MOD DETAILS:
   modFile   : E:\Xampp\htdocs\opencart\upload\vqmod/xml/irsfree_customers_orders_export_excel.xml
   id        : Export customer list and order list
   version   : 2.0
   vqmver    : 2.4.1
   author    : IRSSOFT
VQModObject::parseMods - Could not resolve path for [admin/language/english/default.php] (SKIPPED)
----------------------------------------------------------------------


---------- Date: 2015-12-10 09:23:42 ~ IP : 127.0.0.1 ----------
REQUEST URI : /opencart/upload/admin/index.php?route=sale/order/export&token=qbgdSEvsCNzww6WyYUunhDhMk6XqMm5q
MOD DETAILS:
   modFile   : E:\Xampp\htdocs\opencart\upload\vqmod/xml/irsfree_customers_orders_export_excel.xml
   id        : Export customer list and order list
   version   : 2.0
   vqmver    : 2.4.1
   author    : IRSSOFT
VQModObject::parseMods - Could not resolve path for [admin/language/english/default.php] (SKIPPED)
----------------------------------------------------------------------


---------- Date: 2015-12-10 09:36:40 ~ IP : 127.0.0.1 ----------
REQUEST URI : /opencart/upload/admin/index.php?route=sale/order/export&token=qbgdSEvsCNzww6WyYUunhDhMk6XqMm5q
MOD DETAILS:
   modFile   : E:\Xampp\htdocs\opencart\upload\vqmod/xml/irsfree_customers_orders_export_excel.xml
   id        : Export customer list and order list
   version   : 2.0
   vqmver    : 2.4.1
   author    : IRSSOFT
VQModObject::parseMods - Could not resolve path for [admin/language/english/default.php] (SKIPPED)
----------------------------------------------------------------------


---------- Date: 2015-12-10 09:38:50 ~ IP : 127.0.0.1 ----------
REQUEST URI : /opencart/upload/admin/index.php?route=sale/order/export&token=qbgdSEvsCNzww6WyYUunhDhMk6XqMm5q
MOD DETAILS:
   modFile   : E:\Xampp\htdocs\opencart\upload\vqmod/xml/irsfree_customers_orders_export_excel.xml
   id        : Export customer list and order list
   version   : 2.0
   vqmver    : 2.4.1
   author    : IRSSOFT
VQModObject::parseMods - Could not resolve path for [admin/language/english/default.php] (SKIPPED)
----------------------------------------------------------------------


---------- Date: 2015-12-10 09:40:17 ~ IP : 127.0.0.1 ----------
REQUEST URI : /opencart/upload/admin/index.php?route=sale/order/export&token=qbgdSEvsCNzww6WyYUunhDhMk6XqMm5q
MOD DETAILS:
   modFile   : E:\Xampp\htdocs\opencart\upload\vqmod/xml/irsfree_customers_orders_export_excel.xml
   id        : Export customer list and order list
   version   : 2.0
   vqmver    : 2.4.1
   author    : IRSSOFT
VQModObject::parseMods - Could not resolve path for [admin/language/english/default.php] (SKIPPED)
----------------------------------------------------------------------


---------- Date: 2015-12-10 09:47:03 ~ IP : 127.0.0.1 ----------
REQUEST URI : /opencart/upload/admin/index.php?route=sale/order/export&token=qbgdSEvsCNzww6WyYUunhDhMk6XqMm5q
MOD DETAILS:
   modFile   : E:\Xampp\htdocs\opencart\upload\vqmod/xml/irsfree_customers_orders_export_excel.xml
   id        : Export customer list and order list
   version   : 2.0
   vqmver    : 2.4.1
   author    : IRSSOFT
VQModObject::parseMods - Could not resolve path for [admin/language/english/default.php] (SKIPPED)
----------------------------------------------------------------------


---------- Date: 2015-12-10 09:51:56 ~ IP : 127.0.0.1 ----------
REQUEST URI : /opencart/upload/admin/index.php?route=sale/order/export&token=qbgdSEvsCNzww6WyYUunhDhMk6XqMm5q
MOD DETAILS:
   modFile   : E:\Xampp\htdocs\opencart\upload\vqmod/xml/irsfree_customers_orders_export_excel.xml
   id        : Export customer list and order list
   version   : 2.0
   vqmver    : 2.4.1
   author    : IRSSOFT
VQModObject::parseMods - Could not resolve path for [admin/language/english/default.php] (SKIPPED)
----------------------------------------------------------------------


---------- Date: 2015-12-10 09:54:08 ~ IP : 127.0.0.1 ----------
REQUEST URI : /opencart/upload/admin/index.php?route=sale/order/export&token=qbgdSEvsCNzww6WyYUunhDhMk6XqMm5q
MOD DETAILS:
   modFile   : E:\Xampp\htdocs\opencart\upload\vqmod/xml/irsfree_customers_orders_export_excel.xml
   id        : Export customer list and order list
   version   : 2.0
   vqmver    : 2.4.1
   author    : IRSSOFT
VQModObject::parseMods - Could not resolve path for [admin/language/english/default.php] (SKIPPED)
----------------------------------------------------------------------


---------- Date: 2015-12-10 09:55:11 ~ IP : 127.0.0.1 ----------
REQUEST URI : /opencart/upload/admin/index.php?route=sale/order/export&token=qbgdSEvsCNzww6WyYUunhDhMk6XqMm5q
MOD DETAILS:
   modFile   : E:\Xampp\htdocs\opencart\upload\vqmod/xml/irsfree_customers_orders_export_excel.xml
   id        : Export customer list and order list
   version   : 2.0
   vqmver    : 2.4.1
   author    : IRSSOFT
VQModObject::parseMods - Could not resolve path for [admin/language/english/default.php] (SKIPPED)
----------------------------------------------------------------------


---------- Date: 2015-12-10 09:59:52 ~ IP : 127.0.0.1 ----------
REQUEST URI : /opencart/upload/admin/index.php?route=sale/order/export&token=qbgdSEvsCNzww6WyYUunhDhMk6XqMm5q
MOD DETAILS:
   modFile   : E:\Xampp\htdocs\opencart\upload\vqmod/xml/irsfree_customers_orders_export_excel.xml
   id        : Export customer list and order list
   version   : 2.0
   vqmver    : 2.4.1
   author    : IRSSOFT
VQModObject::parseMods - Could not resolve path for [admin/language/english/default.php] (SKIPPED)
----------------------------------------------------------------------


---------- Date: 2015-12-10 10:04:43 ~ IP : 127.0.0.1 ----------
REQUEST URI : /opencart/upload/admin/index.php?route=sale/order/export&token=qbgdSEvsCNzww6WyYUunhDhMk6XqMm5q
MOD DETAILS:
   modFile   : E:\Xampp\htdocs\opencart\upload\vqmod/xml/irsfree_customers_orders_export_excel.xml
   id        : Export customer list and order list
   version   : 2.0
   vqmver    : 2.4.1
   author    : IRSSOFT
VQModObject::parseMods - Could not resolve path for [admin/language/english/default.php] (SKIPPED)
----------------------------------------------------------------------


---------- Date: 2015-12-10 10:06:49 ~ IP : 127.0.0.1 ----------
REQUEST URI : /opencart/upload/admin/index.php?route=sale/order/export&token=qbgdSEvsCNzww6WyYUunhDhMk6XqMm5q
MOD DETAILS:
   modFile   : E:\Xampp\htdocs\opencart\upload\vqmod/xml/irsfree_customers_orders_export_excel.xml
   id        : Export customer list and order list
   version   : 2.0
   vqmver    : 2.4.1
   author    : IRSSOFT
VQModObject::parseMods - Could not resolve path for [admin/language/english/default.php] (SKIPPED)
----------------------------------------------------------------------


---------- Date: 2015-12-10 10:08:13 ~ IP : 127.0.0.1 ----------
REQUEST URI : /opencart/upload/admin/index.php?route=sale/order/export&token=qbgdSEvsCNzww6WyYUunhDhMk6XqMm5q
MOD DETAILS:
   modFile   : E:\Xampp\htdocs\opencart\upload\vqmod/xml/irsfree_customers_orders_export_excel.xml
   id        : Export customer list and order list
   version   : 2.0
   vqmver    : 2.4.1
   author    : IRSSOFT
VQModObject::parseMods - Could not resolve path for [admin/language/english/default.php] (SKIPPED)
----------------------------------------------------------------------


---------- Date: 2015-12-10 10:08:26 ~ IP : 127.0.0.1 ----------
REQUEST URI : /opencart/upload/admin/index.php?route=sale/order/export&token=qbgdSEvsCNzww6WyYUunhDhMk6XqMm5q
MOD DETAILS:
   modFile   : E:\Xampp\htdocs\opencart\upload\vqmod/xml/irsfree_customers_orders_export_excel.xml
   id        : Export customer list and order list
   version   : 2.0
   vqmver    : 2.4.1
   author    : IRSSOFT
VQModObject::parseMods - Could not resolve path for [admin/language/english/default.php] (SKIPPED)
----------------------------------------------------------------------


---------- Date: 2015-12-10 10:08:50 ~ IP : 127.0.0.1 ----------
REQUEST URI : /opencart/upload/admin/index.php?route=sale/order/export&token=qbgdSEvsCNzww6WyYUunhDhMk6XqMm5q
MOD DETAILS:
   modFile   : E:\Xampp\htdocs\opencart\upload\vqmod/xml/irsfree_customers_orders_export_excel.xml
   id        : Export customer list and order list
   version   : 2.0
   vqmver    : 2.4.1
   author    : IRSSOFT
VQModObject::parseMods - Could not resolve path for [admin/language/english/default.php] (SKIPPED)
----------------------------------------------------------------------


---------- Date: 2015-12-10 10:12:01 ~ IP : 127.0.0.1 ----------
REQUEST URI : /opencart/upload/admin/index.php?route=sale/order/export&token=qbgdSEvsCNzww6WyYUunhDhMk6XqMm5q
MOD DETAILS:
   modFile   : E:\Xampp\htdocs\opencart\upload\vqmod/xml/irsfree_customers_orders_export_excel.xml
   id        : Export customer list and order list
   version   : 2.0
   vqmver    : 2.4.1
   author    : IRSSOFT
VQModObject::parseMods - Could not resolve path for [admin/language/english/default.php] (SKIPPED)
----------------------------------------------------------------------


---------- Date: 2015-12-10 10:13:24 ~ IP : 127.0.0.1 ----------
REQUEST URI : /opencart/upload/admin/index.php?route=sale/order/export&token=qbgdSEvsCNzww6WyYUunhDhMk6XqMm5q
MOD DETAILS:
   modFile   : E:\Xampp\htdocs\opencart\upload\vqmod/xml/irsfree_customers_orders_export_excel.xml
   id        : Export customer list and order list
   version   : 2.0
   vqmver    : 2.4.1
   author    : IRSSOFT
VQModObject::parseMods - Could not resolve path for [admin/language/english/default.php] (SKIPPED)
----------------------------------------------------------------------


---------- Date: 2015-12-10 10:13:45 ~ IP : 127.0.0.1 ----------
REQUEST URI : /opencart/upload/admin/index.php?route=sale/order/export&token=qbgdSEvsCNzww6WyYUunhDhMk6XqMm5q
MOD DETAILS:
   modFile   : E:\Xampp\htdocs\opencart\upload\vqmod/xml/irsfree_customers_orders_export_excel.xml
   id        : Export customer list and order list
   version   : 2.0
   vqmver    : 2.4.1
   author    : IRSSOFT
VQModObject::parseMods - Could not resolve path for [admin/language/english/default.php] (SKIPPED)
----------------------------------------------------------------------


---------- Date: 2015-12-10 10:14:21 ~ IP : 127.0.0.1 ----------
REQUEST URI : /opencart/upload/admin/index.php?route=sale/order/export&token=qbgdSEvsCNzww6WyYUunhDhMk6XqMm5q
MOD DETAILS:
   modFile   : E:\Xampp\htdocs\opencart\upload\vqmod/xml/irsfree_customers_orders_export_excel.xml
   id        : Export customer list and order list
   version   : 2.0
   vqmver    : 2.4.1
   author    : IRSSOFT
VQModObject::parseMods - Could not resolve path for [admin/language/english/default.php] (SKIPPED)
----------------------------------------------------------------------


---------- Date: 2015-12-10 10:16:49 ~ IP : 127.0.0.1 ----------
REQUEST URI : /opencart/upload/admin/index.php?route=sale/order/export&token=qbgdSEvsCNzww6WyYUunhDhMk6XqMm5q
MOD DETAILS:
   modFile   : E:\Xampp\htdocs\opencart\upload\vqmod/xml/irsfree_customers_orders_export_excel.xml
   id        : Export customer list and order list
   version   : 2.0
   vqmver    : 2.4.1
   author    : IRSSOFT
VQModObject::parseMods - Could not resolve path for [admin/language/english/default.php] (SKIPPED)
----------------------------------------------------------------------


---------- Date: 2015-12-10 10:17:17 ~ IP : 127.0.0.1 ----------
REQUEST URI : /opencart/upload/admin/index.php?route=sale/order/export&token=qbgdSEvsCNzww6WyYUunhDhMk6XqMm5q
MOD DETAILS:
   modFile   : E:\Xampp\htdocs\opencart\upload\vqmod/xml/irsfree_customers_orders_export_excel.xml
   id        : Export customer list and order list
   version   : 2.0
   vqmver    : 2.4.1
   author    : IRSSOFT
VQModObject::parseMods - Could not resolve path for [admin/language/english/default.php] (SKIPPED)
----------------------------------------------------------------------


---------- Date: 2015-12-10 10:19:47 ~ IP : 127.0.0.1 ----------
REQUEST URI : /opencart/upload/admin/index.php?route=sale/order/export&token=qbgdSEvsCNzww6WyYUunhDhMk6XqMm5q
MOD DETAILS:
   modFile   : E:\Xampp\htdocs\opencart\upload\vqmod/xml/irsfree_customers_orders_export_excel.xml
   id        : Export customer list and order list
   version   : 2.0
   vqmver    : 2.4.1
   author    : IRSSOFT
VQModObject::parseMods - Could not resolve path for [admin/language/english/default.php] (SKIPPED)
----------------------------------------------------------------------


---------- Date: 2015-12-10 10:31:41 ~ IP : 127.0.0.1 ----------
REQUEST URI : /opencart/upload/admin/index.php?route=sale/order/export&token=qbgdSEvsCNzww6WyYUunhDhMk6XqMm5q
MOD DETAILS:
   modFile   : E:\Xampp\htdocs\opencart\upload\vqmod/xml/irsfree_customers_orders_export_excel.xml
   id        : Export customer list and order list
   version   : 2.0
   vqmver    : 2.4.1
   author    : IRSSOFT
VQModObject::parseMods - Could not resolve path for [admin/language/english/default.php] (SKIPPED)
----------------------------------------------------------------------


---------- Date: 2015-12-10 10:33:21 ~ IP : 127.0.0.1 ----------
REQUEST URI : /opencart/upload/admin/index.php?route=sale/order/export&token=qbgdSEvsCNzww6WyYUunhDhMk6XqMm5q
MOD DETAILS:
   modFile   : E:\Xampp\htdocs\opencart\upload\vqmod/xml/irsfree_customers_orders_export_excel.xml
   id        : Export customer list and order list
   version   : 2.0
   vqmver    : 2.4.1
   author    : IRSSOFT
VQModObject::parseMods - Could not resolve path for [admin/language/english/default.php] (SKIPPED)
----------------------------------------------------------------------


---------- Date: 2015-12-10 10:34:14 ~ IP : 127.0.0.1 ----------
REQUEST URI : /opencart/upload/admin/index.php?route=sale/order/export&token=qbgdSEvsCNzww6WyYUunhDhMk6XqMm5q
MOD DETAILS:
   modFile   : E:\Xampp\htdocs\opencart\upload\vqmod/xml/irsfree_customers_orders_export_excel.xml
   id        : Export customer list and order list
   version   : 2.0
   vqmver    : 2.4.1
   author    : IRSSOFT
VQModObject::parseMods - Could not resolve path for [admin/language/english/default.php] (SKIPPED)
----------------------------------------------------------------------


---------- Date: 2015-12-10 10:36:54 ~ IP : 127.0.0.1 ----------
REQUEST URI : /opencart/upload/admin/index.php?route=sale/order/export&token=qbgdSEvsCNzww6WyYUunhDhMk6XqMm5q
MOD DETAILS:
   modFile   : E:\Xampp\htdocs\opencart\upload\vqmod/xml/irsfree_customers_orders_export_excel.xml
   id        : Export customer list and order list
   version   : 2.0
   vqmver    : 2.4.1
   author    : IRSSOFT
VQModObject::parseMods - Could not resolve path for [admin/language/english/default.php] (SKIPPED)
----------------------------------------------------------------------


---------- Date: 2015-12-10 10:39:31 ~ IP : 127.0.0.1 ----------
REQUEST URI : /opencart/upload/admin/index.php?route=sale/order/export&token=qbgdSEvsCNzww6WyYUunhDhMk6XqMm5q
MOD DETAILS:
   modFile   : E:\Xampp\htdocs\opencart\upload\vqmod/xml/irsfree_customers_orders_export_excel.xml
   id        : Export customer list and order list
   version   : 2.0
   vqmver    : 2.4.1
   author    : IRSSOFT
VQModObject::parseMods - Could not resolve path for [admin/language/english/default.php] (SKIPPED)
----------------------------------------------------------------------


---------- Date: 2015-12-10 10:40:45 ~ IP : 127.0.0.1 ----------
REQUEST URI : /opencart/upload/admin/index.php?route=sale/order/export&token=qbgdSEvsCNzww6WyYUunhDhMk6XqMm5q
MOD DETAILS:
   modFile   : E:\Xampp\htdocs\opencart\upload\vqmod/xml/irsfree_customers_orders_export_excel.xml
   id        : Export customer list and order list
   version   : 2.0
   vqmver    : 2.4.1
   author    : IRSSOFT
VQModObject::parseMods - Could not resolve path for [admin/language/english/default.php] (SKIPPED)
----------------------------------------------------------------------


---------- Date: 2015-12-10 10:42:38 ~ IP : 127.0.0.1 ----------
REQUEST URI : /opencart/upload/admin/index.php?route=sale/order/export&token=qbgdSEvsCNzww6WyYUunhDhMk6XqMm5q
MOD DETAILS:
   modFile   : E:\Xampp\htdocs\opencart\upload\vqmod/xml/irsfree_customers_orders_export_excel.xml
   id        : Export customer list and order list
   version   : 2.0
   vqmver    : 2.4.1
   author    : IRSSOFT
VQModObject::parseMods - Could not resolve path for [admin/language/english/default.php] (SKIPPED)
----------------------------------------------------------------------


---------- Date: 2015-12-10 10:48:47 ~ IP : 127.0.0.1 ----------
REQUEST URI : /opencart/upload/admin/index.php?route=sale/order/export&token=qbgdSEvsCNzww6WyYUunhDhMk6XqMm5q
MOD DETAILS:
   modFile   : E:\Xampp\htdocs\opencart\upload\vqmod/xml/irsfree_customers_orders_export_excel.xml
   id        : Export customer list and order list
   version   : 2.0
   vqmver    : 2.4.1
   author    : IRSSOFT
VQModObject::parseMods - Could not resolve path for [admin/language/english/default.php] (SKIPPED)
----------------------------------------------------------------------


---------- Date: 2015-12-10 10:49:16 ~ IP : 127.0.0.1 ----------
REQUEST URI : /opencart/upload/admin/index.php?route=sale/order/export&token=qbgdSEvsCNzww6WyYUunhDhMk6XqMm5q
MOD DETAILS:
   modFile   : E:\Xampp\htdocs\opencart\upload\vqmod/xml/irsfree_customers_orders_export_excel.xml
   id        : Export customer list and order list
   version   : 2.0
   vqmver    : 2.4.1
   author    : IRSSOFT
VQModObject::parseMods - Could not resolve path for [admin/language/english/default.php] (SKIPPED)
----------------------------------------------------------------------


---------- Date: 2015-12-10 10:51:56 ~ IP : 127.0.0.1 ----------
REQUEST URI : /opencart/upload/admin/index.php?route=sale/order/export&token=qbgdSEvsCNzww6WyYUunhDhMk6XqMm5q
MOD DETAILS:
   modFile   : E:\Xampp\htdocs\opencart\upload\vqmod/xml/irsfree_customers_orders_export_excel.xml
   id        : Export customer list and order list
   version   : 2.0
   vqmver    : 2.4.1
   author    : IRSSOFT
VQModObject::parseMods - Could not resolve path for [admin/language/english/default.php] (SKIPPED)
----------------------------------------------------------------------


---------- Date: 2015-12-10 10:53:15 ~ IP : 127.0.0.1 ----------
REQUEST URI : /opencart/upload/admin/index.php?route=sale/order/export&token=qbgdSEvsCNzww6WyYUunhDhMk6XqMm5q
MOD DETAILS:
   modFile   : E:\Xampp\htdocs\opencart\upload\vqmod/xml/irsfree_customers_orders_export_excel.xml
   id        : Export customer list and order list
   version   : 2.0
   vqmver    : 2.4.1
   author    : IRSSOFT
VQModObject::parseMods - Could not resolve path for [admin/language/english/default.php] (SKIPPED)
----------------------------------------------------------------------


---------- Date: 2015-12-10 10:53:59 ~ IP : 127.0.0.1 ----------
REQUEST URI : /opencart/upload/admin/index.php?route=sale/order/export&token=qbgdSEvsCNzww6WyYUunhDhMk6XqMm5q
MOD DETAILS:
   modFile   : E:\Xampp\htdocs\opencart\upload\vqmod/xml/irsfree_customers_orders_export_excel.xml
   id        : Export customer list and order list
   version   : 2.0
   vqmver    : 2.4.1
   author    : IRSSOFT
VQModObject::parseMods - Could not resolve path for [admin/language/english/default.php] (SKIPPED)
----------------------------------------------------------------------


---------- Date: 2015-12-10 10:54:42 ~ IP : 127.0.0.1 ----------
REQUEST URI : /opencart/upload/admin/index.php?route=sale/order/export&token=qbgdSEvsCNzww6WyYUunhDhMk6XqMm5q
MOD DETAILS:
   modFile   : E:\Xampp\htdocs\opencart\upload\vqmod/xml/irsfree_customers_orders_export_excel.xml
   id        : Export customer list and order list
   version   : 2.0
   vqmver    : 2.4.1
   author    : IRSSOFT
VQModObject::parseMods - Could not resolve path for [admin/language/english/default.php] (SKIPPED)
----------------------------------------------------------------------


---------- Date: 2015-12-10 10:56:02 ~ IP : 127.0.0.1 ----------
REQUEST URI : /opencart/upload/admin/index.php?route=sale/order/export&token=qbgdSEvsCNzww6WyYUunhDhMk6XqMm5q
MOD DETAILS:
   modFile   : E:\Xampp\htdocs\opencart\upload\vqmod/xml/irsfree_customers_orders_export_excel.xml
   id        : Export customer list and order list
   version   : 2.0
   vqmver    : 2.4.1
   author    : IRSSOFT
VQModObject::parseMods - Could not resolve path for [admin/language/english/default.php] (SKIPPED)
----------------------------------------------------------------------


---------- Date: 2015-12-10 10:57:53 ~ IP : 127.0.0.1 ----------
REQUEST URI : /opencart/upload/admin/index.php?route=sale/order/export&token=qbgdSEvsCNzww6WyYUunhDhMk6XqMm5q
MOD DETAILS:
   modFile   : E:\Xampp\htdocs\opencart\upload\vqmod/xml/irsfree_customers_orders_export_excel.xml
   id        : Export customer list and order list
   version   : 2.0
   vqmver    : 2.4.1
   author    : IRSSOFT
VQModObject::parseMods - Could not resolve path for [admin/language/english/default.php] (SKIPPED)
----------------------------------------------------------------------


---------- Date: 2015-12-10 10:58:03 ~ IP : 127.0.0.1 ----------
REQUEST URI : /opencart/upload/admin/index.php?route=sale/order/export&token=qbgdSEvsCNzww6WyYUunhDhMk6XqMm5q
MOD DETAILS:
   modFile   : E:\Xampp\htdocs\opencart\upload\vqmod/xml/irsfree_customers_orders_export_excel.xml
   id        : Export customer list and order list
   version   : 2.0
   vqmver    : 2.4.1
   author    : IRSSOFT
VQModObject::parseMods - Could not resolve path for [admin/language/english/default.php] (SKIPPED)
----------------------------------------------------------------------


---------- Date: 2015-12-10 10:58:27 ~ IP : 127.0.0.1 ----------
REQUEST URI : /opencart/upload/admin/index.php?route=sale/order/export&token=qbgdSEvsCNzww6WyYUunhDhMk6XqMm5q
MOD DETAILS:
   modFile   : E:\Xampp\htdocs\opencart\upload\vqmod/xml/irsfree_customers_orders_export_excel.xml
   id        : Export customer list and order list
   version   : 2.0
   vqmver    : 2.4.1
   author    : IRSSOFT
VQModObject::parseMods - Could not resolve path for [admin/language/english/default.php] (SKIPPED)
----------------------------------------------------------------------


---------- Date: 2015-12-10 11:00:09 ~ IP : 127.0.0.1 ----------
REQUEST URI : /opencart/upload/admin/index.php?route=sale/order/export&token=qbgdSEvsCNzww6WyYUunhDhMk6XqMm5q
MOD DETAILS:
   modFile   : E:\Xampp\htdocs\opencart\upload\vqmod/xml/irsfree_customers_orders_export_excel.xml
   id        : Export customer list and order list
   version   : 2.0
   vqmver    : 2.4.1
   author    : IRSSOFT
VQModObject::parseMods - Could not resolve path for [admin/language/english/default.php] (SKIPPED)
----------------------------------------------------------------------


---------- Date: 2015-12-10 11:01:03 ~ IP : 127.0.0.1 ----------
REQUEST URI : /opencart/upload/admin/index.php?route=sale/order/export&token=qbgdSEvsCNzww6WyYUunhDhMk6XqMm5q
MOD DETAILS:
   modFile   : E:\Xampp\htdocs\opencart\upload\vqmod/xml/irsfree_customers_orders_export_excel.xml
   id        : Export customer list and order list
   version   : 2.0
   vqmver    : 2.4.1
   author    : IRSSOFT
VQModObject::parseMods - Could not resolve path for [admin/language/english/default.php] (SKIPPED)
----------------------------------------------------------------------


---------- Date: 2015-12-10 11:01:33 ~ IP : 127.0.0.1 ----------
REQUEST URI : /opencart/upload/admin/index.php?route=sale/order/export&token=qbgdSEvsCNzww6WyYUunhDhMk6XqMm5q
MOD DETAILS:
   modFile   : E:\Xampp\htdocs\opencart\upload\vqmod/xml/irsfree_customers_orders_export_excel.xml
   id        : Export customer list and order list
   version   : 2.0
   vqmver    : 2.4.1
   author    : IRSSOFT
VQModObject::parseMods - Could not resolve path for [admin/language/english/default.php] (SKIPPED)
----------------------------------------------------------------------


---------- Date: 2015-12-10 11:03:35 ~ IP : 127.0.0.1 ----------
REQUEST URI : /opencart/upload/admin/index.php?route=sale/order/export&token=qbgdSEvsCNzww6WyYUunhDhMk6XqMm5q
MOD DETAILS:
   modFile   : E:\Xampp\htdocs\opencart\upload\vqmod/xml/irsfree_customers_orders_export_excel.xml
   id        : Export customer list and order list
   version   : 2.0
   vqmver    : 2.4.1
   author    : IRSSOFT
VQModObject::parseMods - Could not resolve path for [admin/language/english/default.php] (SKIPPED)
----------------------------------------------------------------------


---------- Date: 2015-12-10 11:13:52 ~ IP : 127.0.0.1 ----------
REQUEST URI : /opencart/upload/admin/index.php?route=customer/customer&token=qbgdSEvsCNzww6WyYUunhDhMk6XqMm5q
MOD DETAILS:
   modFile   : E:\Xampp\htdocs\opencart\upload\vqmod/xml/irsfree_customers_orders_export_excel.xml
   id        : Export customer list and order list
   version   : 2.0
   vqmver    : 2.4.1
   author    : IRSSOFT
VQModObject::parseMods - Could not resolve path for [admin/language/english/default.php] (SKIPPED)
----------------------------------------------------------------------


---------- Date: 2015-12-10 11:20:30 ~ IP : 127.0.0.1 ----------
REQUEST URI : /opencart/upload/admin/index.php?route=sale/order/export&token=qbgdSEvsCNzww6WyYUunhDhMk6XqMm5q
MOD DETAILS:
   modFile   : E:\Xampp\htdocs\opencart\upload\vqmod/xml/irsfree_customers_orders_export_excel.xml
   id        : Export customer list and order list
   version   : 2.0
   vqmver    : 2.4.1
   author    : IRSSOFT
VQModObject::parseMods - Could not resolve path for [admin/language/english/default.php] (SKIPPED)
----------------------------------------------------------------------


---------- Date: 2015-12-10 14:03:07 ~ IP : 127.0.0.1 ----------
REQUEST URI : /opencart/upload/admin/index.php?route=sale/order/export&token=qbgdSEvsCNzww6WyYUunhDhMk6XqMm5q
MOD DETAILS:
   modFile   : E:\Xampp\htdocs\opencart\upload\vqmod/xml/irsfree_customers_orders_export_excel.xml
   id        : Export customer list and order list
   version   : 2.0
   vqmver    : 2.4.1
   author    : IRSSOFT
VQModObject::parseMods - Could not resolve path for [admin/language/english/default.php] (SKIPPED)
----------------------------------------------------------------------


---------- Date: 2015-12-10 14:07:01 ~ IP : 127.0.0.1 ----------
REQUEST URI : /opencart/upload/admin/index.php?route=sale/order&token=qbgdSEvsCNzww6WyYUunhDhMk6XqMm5q
MOD DETAILS:
   modFile   : E:\Xampp\htdocs\opencart\upload\vqmod/xml/irsfree_customers_orders_export_excel.xml
   id        : Export customer list and order list
   version   : 2.0
   vqmver    : 2.4.1
   author    : IRSSOFT
VQModObject::parseMods - Could not resolve path for [admin/language/english/default.php] (SKIPPED)
----------------------------------------------------------------------


---------- Date: 2015-12-10 14:07:53 ~ IP : 127.0.0.1 ----------
REQUEST URI : /opencart/upload/admin/index.php?route=sale/order&token=qbgdSEvsCNzww6WyYUunhDhMk6XqMm5q
MOD DETAILS:
   modFile   : E:\Xampp\htdocs\opencart\upload\vqmod/xml/irsfree_customers_orders_export_excel.xml
   id        : Export customer list and order list
   version   : 2.0
   vqmver    : 2.4.1
   author    : IRSSOFT
VQModObject::parseMods - Could not resolve path for [admin/language/english/default.php] (SKIPPED)
----------------------------------------------------------------------


